#
# There is insufficient memory for the Java Runtime Environment to continue.
# Native memory allocation (malloc) failed to allocate 1180496 bytes for Chunk::new
# Possible reasons:
#   The system is out of physical RAM or swap space
#   The process is running with CompressedOops enabled, and the Java Heap may be blocking the growth of the native heap
# Possible solutions:
#   Reduce memory load on the system
#   Increase physical memory or swap space
#   Check if swap backing store is full
#   Decrease Java heap size (-Xmx/-Xms)
#   Decrease number of Java threads
#   Decrease Java thread stack sizes (-Xss)
#   Set larger code cache with -XX:ReservedCodeCacheSize=
#   JVM is running with Zero Based Compressed Oops mode in which the Java heap is
#     placed in the first 32GB address space. The Java Heap base address is the
#     maximum limit for the native heap growth. Please use -XX:HeapBaseMinAddress
#     to set the Java Heap base and to place the Java Heap above 32GB virtual address.
# This output file may be truncated or incomplete.
#
#  Out of Memory Error (./src/hotspot/share/memory/arena.cpp:197), pid=7048, tid=7024
#
# JRE version: OpenJDK Runtime Environment (11.0.12+7) (build 11.0.12+7-b1504.28-7817840)
# Java VM: OpenJDK 64-Bit Server VM (11.0.12+7-b1504.28-7817840, mixed mode, tiered, compressed oops, g1 gc, windows-amd64)
# No core dump will be written. Minidumps are not enabled by default on client versions of Windows
#

---------------  S U M M A R Y ------------

Command Line: org.jetbrains.kotlin.cli.jvm.K2JVMCompiler @C:\Users\leoba\AndroidStudioProjects\TextRecognizer\Paging3test\app\build\20220624_15641184696012134450.compiler.options

Host: Intel(R) Core(TM) i3-7020U CPU @ 2.30GHz, 4 cores, 11G,  Windows 10 , 64 bit Build 19041 (10.0.19041.1741)
Time: Fri Jun 24 17:35:01 2022 Hora estándar de Argentina elapsed time: 14.599074 seconds (0d 0h 0m 14s)

---------------  T H R E A D  ---------------

Current thread (0x0000020df86c6800):  JavaThread "C2 CompilerThread1" daemon [_thread_in_native, id=7024, stack(0x000000a54a100000,0x000000a54a200000)]


Current CompileTask:
C2:  14599 10842       4       org.jetbrains.kotlin.backend.common.serialization.signature.IdSignatureBuilder::build (300 bytes)

Stack: [0x000000a54a100000,0x000000a54a200000]
Native frames: (J=compiled Java code, j=interpreted, Vv=VM code, C=native code)
V  [jvm.dll+0x5fbcea]
V  [jvm.dll+0x731905]
V  [jvm.dll+0x732f1d]
V  [jvm.dll+0x7335d3]
V  [jvm.dll+0x247bf8]
V  [jvm.dll+0xc018c]
V  [jvm.dll+0xc06cc]
V  [jvm.dll+0x35b31d]
V  [jvm.dll+0x328803]
V  [jvm.dll+0x327cfa]
V  [jvm.dll+0x200602]
V  [jvm.dll+0x1ff794]
V  [jvm.dll+0x18868c]
V  [jvm.dll+0x20e0d7]
V  [jvm.dll+0x20c901]
V  [jvm.dll+0x6f9b7f]
V  [jvm.dll+0x6f26a5]
V  [jvm.dll+0x5fabf6]
C  [ucrtbase.dll+0x21bb2]
C  [KERNEL32.DLL+0x17034]
C  [ntdll.dll+0x52651]


---------------  P R O C E S S  ---------------

Threads class SMR info:
_java_thread_list=0x0000020dfab62690, length=11, elements={
0x0000020ddb40b000, 0x0000020df7cd3000, 0x0000020df7cdb800, 0x0000020df8508000,
0x0000020df850e000, 0x0000020df850f800, 0x0000020df8556800, 0x0000020df855a000,
0x0000020df855d000, 0x0000020df86bc000, 0x0000020df86c6800
}

Java Threads: ( => current thread )
  0x0000020ddb40b000 JavaThread "main" [_thread_in_Java, id=15140, stack(0x000000a549000000,0x000000a549100000)]
  0x0000020df7cd3000 JavaThread "Reference Handler" daemon [_thread_blocked, id=1592, stack(0x000000a549700000,0x000000a549800000)]
  0x0000020df7cdb800 JavaThread "Finalizer" daemon [_thread_blocked, id=17144, stack(0x000000a549800000,0x000000a549900000)]
  0x0000020df8508000 JavaThread "Signal Dispatcher" daemon [_thread_blocked, id=17524, stack(0x000000a549900000,0x000000a549a00000)]
  0x0000020df850e000 JavaThread "Attach Listener" daemon [_thread_blocked, id=16560, stack(0x000000a549a00000,0x000000a549b00000)]
  0x0000020df850f800 JavaThread "Service Thread" daemon [_thread_blocked, id=12984, stack(0x000000a549b00000,0x000000a549c00000)]
  0x0000020df8556800 JavaThread "C2 CompilerThread0" daemon [_thread_in_native, id=7416, stack(0x000000a549c00000,0x000000a549d00000)]
  0x0000020df855a000 JavaThread "C1 CompilerThread0" daemon [_thread_blocked, id=4028, stack(0x000000a549d00000,0x000000a549e00000)]
  0x0000020df855d000 JavaThread "Sweeper thread" daemon [_thread_blocked, id=2016, stack(0x000000a549e00000,0x000000a549f00000)]
  0x0000020df86bc000 JavaThread "Common-Cleaner" daemon [_thread_blocked, id=9728, stack(0x000000a54a000000,0x000000a54a100000)]
=>0x0000020df86c6800 JavaThread "C2 CompilerThread1" daemon [_thread_in_native, id=7024, stack(0x000000a54a100000,0x000000a54a200000)]

Other Threads:
  0x0000020df7cbe000 VMThread "VM Thread" [stack: 0x000000a549600000,0x000000a549700000] [id=5412]
  0x0000020df86c3800 WatcherThread [stack: 0x000000a549f00000,0x000000a54a000000] [id=17840]
  0x0000020ddb423800 GCTaskThread "GC Thread#0" [stack: 0x000000a549100000,0x000000a549200000] [id=17640]
  0x0000020df8cc3000 GCTaskThread "GC Thread#1" [stack: 0x000000a54a200000,0x000000a54a300000] [id=17200]
  0x0000020df8d5a800 GCTaskThread "GC Thread#2" [stack: 0x000000a54a300000,0x000000a54a400000] [id=12172]
  0x0000020df8d5b000 GCTaskThread "GC Thread#3" [stack: 0x000000a54a400000,0x000000a54a500000] [id=4512]
  0x0000020ddb469000 ConcurrentGCThread "G1 Main Marker" [stack: 0x000000a549200000,0x000000a549300000] [id=7672]
  0x0000020ddb46a800 ConcurrentGCThread "G1 Conc#0" [stack: 0x000000a549300000,0x000000a549400000] [id=13692]
  0x0000020ddb4ee000 ConcurrentGCThread "G1 Refine#0" [stack: 0x000000a549400000,0x000000a549500000] [id=204]
  0x0000020dfd3b6000 ConcurrentGCThread "G1 Refine#1" [stack: 0x000000a54a500000,0x000000a54a600000] [id=4068]
  0x0000020df7b2b800 ConcurrentGCThread "G1 Young RemSet Sampling" [stack: 0x000000a549500000,0x000000a549600000] [id=15596]

Threads with active compile tasks:
C2 CompilerThread0  14629 10902       4       org.jetbrains.kotlin.backend.common.IrElementTransformerVoidWithContext::visitFunction (38 bytes)
C2 CompilerThread1  14629 10842       4       org.jetbrains.kotlin.backend.common.serialization.signature.IdSignatureBuilder::build (300 bytes)

VM state:not at safepoint (normal execution)

VM Mutex/Monitor currently owned by a thread: None

Heap address: 0x0000000741600000, size: 3050 MB, Compressed Oops mode: Zero based, Oop shift amount: 3
Narrow klass base: 0x0000000800000000, Narrow klass shift: 0
Compressed class space size: 1073741824 Address: 0x0000000800000000

Heap:
 garbage-first heap   total 236544K, used 115200K [0x0000000741600000, 0x0000000800000000)
  region size 1024K, 65 young (66560K), 12 survivors (12288K)
 Metaspace       used 76964K, capacity 77852K, committed 78076K, reserved 1118208K
  class space    used 8559K, capacity 8891K, committed 8956K, reserved 1048576K
Heap Regions: E=young(eden), S=young(survivor), O=old, HS=humongous(starts), HC=humongous(continues), CS=collection set, F=free, A=archive, TAMS=top-at-mark-start (previous, next)
|   0|0x0000000741600000, 0x0000000741700000, 0x0000000741700000|100%|HS|  |TAMS 0x0000000741700000, 0x0000000741600000| Complete 
|   1|0x0000000741700000, 0x0000000741800000, 0x0000000741800000|100%|HC|  |TAMS 0x0000000741800000, 0x0000000741700000| Complete 
|   2|0x0000000741800000, 0x0000000741900000, 0x0000000741900000|100%|HC|  |TAMS 0x0000000741900000, 0x0000000741800000| Complete 
|   3|0x0000000741900000, 0x0000000741a00000, 0x0000000741a00000|100%| O|  |TAMS 0x0000000741a00000, 0x0000000741900000| Untracked 
|   4|0x0000000741a00000, 0x0000000741b00000, 0x0000000741b00000|100%| O|  |TAMS 0x0000000741b00000, 0x0000000741a00000| Untracked 
|   5|0x0000000741b00000, 0x0000000741c00000, 0x0000000741c00000|100%|HS|  |TAMS 0x0000000741c00000, 0x0000000741b00000| Complete 
|   6|0x0000000741c00000, 0x0000000741d00000, 0x0000000741d00000|100%|HC|  |TAMS 0x0000000741d00000, 0x0000000741c00000| Complete 
|   7|0x0000000741d00000, 0x0000000741e00000, 0x0000000741e00000|100%|HC|  |TAMS 0x0000000741e00000, 0x0000000741d00000| Complete 
|   8|0x0000000741e00000, 0x0000000741f00000, 0x0000000741f00000|100%|HS|  |TAMS 0x0000000741f00000, 0x0000000741e00000| Complete 
|   9|0x0000000741f00000, 0x0000000742000000, 0x0000000742000000|100%|HC|  |TAMS 0x0000000742000000, 0x0000000741f00000| Complete 
|  10|0x0000000742000000, 0x0000000742100000, 0x0000000742100000|100%|HC|  |TAMS 0x0000000742100000, 0x0000000742000000| Complete 
|  11|0x0000000742100000, 0x0000000742200000, 0x0000000742200000|100%| O|  |TAMS 0x0000000742200000, 0x0000000742100000| Untracked 
|  12|0x0000000742200000, 0x0000000742300000, 0x0000000742300000|100%|HS|  |TAMS 0x0000000742300000, 0x0000000742200000| Complete 
|  13|0x0000000742300000, 0x0000000742400000, 0x0000000742400000|100%|HC|  |TAMS 0x0000000742400000, 0x0000000742300000| Complete 
|  14|0x0000000742400000, 0x0000000742500000, 0x0000000742500000|100%| O|  |TAMS 0x0000000742500000, 0x0000000742400000| Untracked 
|  15|0x0000000742500000, 0x0000000742600000, 0x0000000742600000|100%| O|  |TAMS 0x0000000742600000, 0x0000000742500000| Untracked 
|  16|0x0000000742600000, 0x0000000742700000, 0x0000000742700000|100%| O|  |TAMS 0x0000000742700000, 0x0000000742600000| Untracked 
|  17|0x0000000742700000, 0x0000000742800000, 0x0000000742800000|100%| O|  |TAMS 0x0000000742800000, 0x0000000742700000| Untracked 
|  18|0x0000000742800000, 0x0000000742900000, 0x0000000742900000|100%| O|  |TAMS 0x0000000742900000, 0x0000000742800000| Untracked 
|  19|0x0000000742900000, 0x0000000742a00000, 0x0000000742a00000|100%| O|  |TAMS 0x0000000742a00000, 0x0000000742900000| Untracked 
|  20|0x0000000742a00000, 0x0000000742b00000, 0x0000000742b00000|100%| O|  |TAMS 0x0000000742b00000, 0x0000000742a00000| Untracked 
|  21|0x0000000742b00000, 0x0000000742c00000, 0x0000000742c00000|100%| O|  |TAMS 0x0000000742c00000, 0x0000000742b00000| Untracked 
|  22|0x0000000742c00000, 0x0000000742d00000, 0x0000000742d00000|100%| O|  |TAMS 0x0000000742d00000, 0x0000000742c00000| Untracked 
|  23|0x0000000742d00000, 0x0000000742e00000, 0x0000000742e00000|100%| O|  |TAMS 0x0000000742e00000, 0x0000000742d00000| Untracked 
|  24|0x0000000742e00000, 0x0000000742f00000, 0x0000000742f00000|100%| O|  |TAMS 0x0000000742f00000, 0x0000000742e00000| Untracked 
|  25|0x0000000742f00000, 0x0000000743000000, 0x0000000743000000|100%| O|  |TAMS 0x0000000743000000, 0x0000000742f00000| Untracked 
|  26|0x0000000743000000, 0x0000000743100000, 0x0000000743100000|100%| O|  |TAMS 0x0000000743100000, 0x0000000743000000| Untracked 
|  27|0x0000000743100000, 0x0000000743200000, 0x0000000743200000|100%| O|  |TAMS 0x0000000743200000, 0x0000000743100000| Untracked 
|  28|0x0000000743200000, 0x0000000743300000, 0x0000000743300000|100%| O|  |TAMS 0x0000000743300000, 0x0000000743200000| Untracked 
|  29|0x0000000743300000, 0x0000000743400000, 0x0000000743400000|100%| O|  |TAMS 0x0000000743400000, 0x0000000743300000| Untracked 
|  30|0x0000000743400000, 0x0000000743500000, 0x0000000743500000|100%| O|  |TAMS 0x0000000743500000, 0x0000000743400000| Untracked 
|  31|0x0000000743500000, 0x0000000743600000, 0x0000000743600000|100%| O|  |TAMS 0x0000000743600000, 0x0000000743500000| Untracked 
|  32|0x0000000743600000, 0x0000000743700000, 0x0000000743700000|100%| O|  |TAMS 0x0000000743700000, 0x0000000743600000| Untracked 
|  33|0x0000000743700000, 0x0000000743800000, 0x0000000743800000|100%| O|  |TAMS 0x0000000743800000, 0x0000000743700000| Untracked 
|  34|0x0000000743800000, 0x0000000743900000, 0x0000000743900000|100%| O|  |TAMS 0x0000000743900000, 0x0000000743800000| Untracked 
|  35|0x0000000743900000, 0x0000000743a00000, 0x0000000743a00000|100%| O|  |TAMS 0x0000000743a00000, 0x0000000743900000| Untracked 
|  36|0x0000000743a00000, 0x0000000743b00000, 0x0000000743b00000|100%| O|  |TAMS 0x0000000743a00000, 0x0000000743a00000| Untracked 
|  37|0x0000000743b00000, 0x0000000743c00000, 0x0000000743c00000|100%| O|  |TAMS 0x0000000743b00000, 0x0000000743b00000| Untracked 
|  38|0x0000000743c00000, 0x0000000743d00000, 0x0000000743d00000|100%| O|  |TAMS 0x0000000743c00000, 0x0000000743c00000| Untracked 
|  39|0x0000000743d00000, 0x0000000743e00000, 0x0000000743e00000|100%| O|  |TAMS 0x0000000743d00000, 0x0000000743d00000| Untracked 
|  40|0x0000000743e00000, 0x0000000743f00000, 0x0000000743f00000|100%| O|  |TAMS 0x0000000743e00000, 0x0000000743e00000| Untracked 
|  41|0x0000000743f00000, 0x0000000744000000, 0x0000000744000000|100%| O|  |TAMS 0x0000000743f00000, 0x0000000743f00000| Untracked 
|  42|0x0000000744000000, 0x0000000744100000, 0x0000000744100000|100%| O|  |TAMS 0x0000000744000000, 0x0000000744000000| Untracked 
|  43|0x0000000744100000, 0x0000000744200000, 0x0000000744200000|100%| O|  |TAMS 0x0000000744100000, 0x0000000744100000| Untracked 
|  44|0x0000000744200000, 0x0000000744300000, 0x0000000744300000|100%| O|  |TAMS 0x0000000744200000, 0x0000000744200000| Untracked 
|  45|0x0000000744300000, 0x0000000744400000, 0x0000000744400000|100%| O|  |TAMS 0x0000000744300000, 0x0000000744300000| Untracked 
|  46|0x0000000744400000, 0x0000000744500000, 0x0000000744500000|100%| O|  |TAMS 0x0000000744400000, 0x0000000744400000| Untracked 
|  47|0x0000000744500000, 0x0000000744600000, 0x0000000744600000|100%| O|  |TAMS 0x0000000744500000, 0x0000000744500000| Untracked 
|  48|0x0000000744600000, 0x0000000744680000, 0x0000000744700000| 50%| O|  |TAMS 0x0000000744600000, 0x0000000744600000| Untracked 
|  49|0x0000000744700000, 0x0000000744700000, 0x0000000744800000|  0%| F|  |TAMS 0x0000000744700000, 0x0000000744700000| Untracked 
|  50|0x0000000744800000, 0x0000000744800000, 0x0000000744900000|  0%| F|  |TAMS 0x0000000744800000, 0x0000000744800000| Untracked 
|  51|0x0000000744900000, 0x0000000744900000, 0x0000000744a00000|  0%| F|  |TAMS 0x0000000744900000, 0x0000000744900000| Untracked 
|  52|0x0000000744a00000, 0x0000000744a00000, 0x0000000744b00000|  0%| F|  |TAMS 0x0000000744a00000, 0x0000000744a00000| Untracked 
|  53|0x0000000744b00000, 0x0000000744b00000, 0x0000000744c00000|  0%| F|  |TAMS 0x0000000744b00000, 0x0000000744b00000| Untracked 
|  54|0x0000000744c00000, 0x0000000744c00000, 0x0000000744d00000|  0%| F|  |TAMS 0x0000000744c00000, 0x0000000744c00000| Untracked 
|  55|0x0000000744d00000, 0x0000000744d00000, 0x0000000744e00000|  0%| F|  |TAMS 0x0000000744d00000, 0x0000000744d00000| Untracked 
|  56|0x0000000744e00000, 0x0000000744e00000, 0x0000000744f00000|  0%| F|  |TAMS 0x0000000744e00000, 0x0000000744e00000| Untracked 
|  57|0x0000000744f00000, 0x0000000744f00000, 0x0000000745000000|  0%| F|  |TAMS 0x0000000744f00000, 0x0000000744f00000| Untracked 
|  58|0x0000000745000000, 0x0000000745000000, 0x0000000745100000|  0%| F|  |TAMS 0x0000000745000000, 0x0000000745000000| Untracked 
|  59|0x0000000745100000, 0x0000000745100000, 0x0000000745200000|  0%| F|  |TAMS 0x0000000745100000, 0x0000000745100000| Untracked 
|  60|0x0000000745200000, 0x0000000745200000, 0x0000000745300000|  0%| F|  |TAMS 0x0000000745200000, 0x0000000745200000| Untracked 
|  61|0x0000000745300000, 0x0000000745300000, 0x0000000745400000|  0%| F|  |TAMS 0x0000000745300000, 0x0000000745300000| Untracked 
|  62|0x0000000745400000, 0x0000000745400000, 0x0000000745500000|  0%| F|  |TAMS 0x0000000745400000, 0x0000000745400000| Untracked 
|  63|0x0000000745500000, 0x0000000745500000, 0x0000000745600000|  0%| F|  |TAMS 0x0000000745500000, 0x0000000745500000| Untracked 
|  64|0x0000000745600000, 0x0000000745600000, 0x0000000745700000|  0%| F|  |TAMS 0x0000000745600000, 0x0000000745600000| Untracked 
|  65|0x0000000745700000, 0x0000000745700000, 0x0000000745800000|  0%| F|  |TAMS 0x0000000745700000, 0x0000000745700000| Untracked 
|  66|0x0000000745800000, 0x0000000745800000, 0x0000000745900000|  0%| F|  |TAMS 0x0000000745800000, 0x0000000745800000| Untracked 
|  67|0x0000000745900000, 0x0000000745900000, 0x0000000745a00000|  0%| F|  |TAMS 0x0000000745900000, 0x0000000745900000| Untracked 
|  68|0x0000000745a00000, 0x0000000745a00000, 0x0000000745b00000|  0%| F|  |TAMS 0x0000000745a00000, 0x0000000745a00000| Untracked 
|  69|0x0000000745b00000, 0x0000000745b00000, 0x0000000745c00000|  0%| F|  |TAMS 0x0000000745b00000, 0x0000000745b00000| Untracked 
|  70|0x0000000745c00000, 0x0000000745c00000, 0x0000000745d00000|  0%| F|  |TAMS 0x0000000745c00000, 0x0000000745c00000| Untracked 
|  71|0x0000000745d00000, 0x0000000745d00000, 0x0000000745e00000|  0%| F|  |TAMS 0x0000000745d00000, 0x0000000745d00000| Untracked 
|  72|0x0000000745e00000, 0x0000000745e00000, 0x0000000745f00000|  0%| F|  |TAMS 0x0000000745e00000, 0x0000000745e00000| Untracked 
|  73|0x0000000745f00000, 0x0000000745f00000, 0x0000000746000000|  0%| F|  |TAMS 0x0000000745f00000, 0x0000000745f00000| Untracked 
|  74|0x0000000746000000, 0x0000000746000000, 0x0000000746100000|  0%| F|  |TAMS 0x0000000746000000, 0x0000000746000000| Untracked 
|  75|0x0000000746100000, 0x0000000746100000, 0x0000000746200000|  0%| F|  |TAMS 0x0000000746100000, 0x0000000746100000| Untracked 
|  76|0x0000000746200000, 0x0000000746200000, 0x0000000746300000|  0%| F|  |TAMS 0x0000000746200000, 0x0000000746200000| Untracked 
|  77|0x0000000746300000, 0x0000000746300000, 0x0000000746400000|  0%| F|  |TAMS 0x0000000746300000, 0x0000000746300000| Untracked 
|  78|0x0000000746400000, 0x0000000746400000, 0x0000000746500000|  0%| F|  |TAMS 0x0000000746400000, 0x0000000746400000| Untracked 
|  79|0x0000000746500000, 0x0000000746500000, 0x0000000746600000|  0%| F|  |TAMS 0x0000000746500000, 0x0000000746500000| Untracked 
|  80|0x0000000746600000, 0x0000000746600000, 0x0000000746700000|  0%| F|  |TAMS 0x0000000746600000, 0x0000000746600000| Untracked 
|  81|0x0000000746700000, 0x0000000746700000, 0x0000000746800000|  0%| F|  |TAMS 0x0000000746700000, 0x0000000746700000| Untracked 
|  82|0x0000000746800000, 0x0000000746800000, 0x0000000746900000|  0%| F|  |TAMS 0x0000000746800000, 0x0000000746800000| Untracked 
|  83|0x0000000746900000, 0x0000000746900000, 0x0000000746a00000|  0%| F|  |TAMS 0x0000000746900000, 0x0000000746900000| Untracked 
|  84|0x0000000746a00000, 0x0000000746a00000, 0x0000000746b00000|  0%| F|  |TAMS 0x0000000746a00000, 0x0000000746a00000| Untracked 
|  85|0x0000000746b00000, 0x0000000746b00000, 0x0000000746c00000|  0%| F|  |TAMS 0x0000000746b00000, 0x0000000746b00000| Untracked 
|  86|0x0000000746c00000, 0x0000000746c00000, 0x0000000746d00000|  0%| F|  |TAMS 0x0000000746c00000, 0x0000000746c00000| Untracked 
|  87|0x0000000746d00000, 0x0000000746d00000, 0x0000000746e00000|  0%| F|  |TAMS 0x0000000746d00000, 0x0000000746d00000| Untracked 
|  88|0x0000000746e00000, 0x0000000746e00000, 0x0000000746f00000|  0%| F|  |TAMS 0x0000000746e00000, 0x0000000746e00000| Untracked 
|  89|0x0000000746f00000, 0x0000000746f00000, 0x0000000747000000|  0%| F|  |TAMS 0x0000000746f00000, 0x0000000746f00000| Untracked 
|  90|0x0000000747000000, 0x0000000747000000, 0x0000000747100000|  0%| F|  |TAMS 0x0000000747000000, 0x0000000747000000| Untracked 
|  91|0x0000000747100000, 0x0000000747100000, 0x0000000747200000|  0%| F|  |TAMS 0x0000000747100000, 0x0000000747100000| Untracked 
|  92|0x0000000747200000, 0x0000000747200000, 0x0000000747300000|  0%| F|  |TAMS 0x0000000747200000, 0x0000000747200000| Untracked 
|  93|0x0000000747300000, 0x0000000747300000, 0x0000000747400000|  0%| F|  |TAMS 0x0000000747300000, 0x0000000747300000| Untracked 
|  94|0x0000000747400000, 0x0000000747400000, 0x0000000747500000|  0%| F|  |TAMS 0x0000000747400000, 0x0000000747400000| Untracked 
|  95|0x0000000747500000, 0x0000000747500000, 0x0000000747600000|  0%| F|  |TAMS 0x0000000747500000, 0x0000000747500000| Untracked 
|  96|0x0000000747600000, 0x0000000747600000, 0x0000000747700000|  0%| F|  |TAMS 0x0000000747600000, 0x0000000747600000| Untracked 
|  97|0x0000000747700000, 0x0000000747700000, 0x0000000747800000|  0%| F|  |TAMS 0x0000000747700000, 0x0000000747700000| Untracked 
|  98|0x0000000747800000, 0x0000000747800000, 0x0000000747900000|  0%| F|  |TAMS 0x0000000747800000, 0x0000000747800000| Untracked 
|  99|0x0000000747900000, 0x0000000747900000, 0x0000000747a00000|  0%| F|  |TAMS 0x0000000747900000, 0x0000000747900000| Untracked 
| 100|0x0000000747a00000, 0x0000000747b00000, 0x0000000747b00000|100%| S|CS|TAMS 0x0000000747a00000, 0x0000000747a00000| Complete 
| 101|0x0000000747b00000, 0x0000000747c00000, 0x0000000747c00000|100%| S|CS|TAMS 0x0000000747b00000, 0x0000000747b00000| Complete 
| 102|0x0000000747c00000, 0x0000000747d00000, 0x0000000747d00000|100%| S|CS|TAMS 0x0000000747c00000, 0x0000000747c00000| Complete 
| 103|0x0000000747d00000, 0x0000000747e00000, 0x0000000747e00000|100%| S|CS|TAMS 0x0000000747d00000, 0x0000000747d00000| Complete 
| 104|0x0000000747e00000, 0x0000000747f00000, 0x0000000747f00000|100%| S|CS|TAMS 0x0000000747e00000, 0x0000000747e00000| Complete 
| 105|0x0000000747f00000, 0x0000000748000000, 0x0000000748000000|100%| S|CS|TAMS 0x0000000747f00000, 0x0000000747f00000| Complete 
| 106|0x0000000748000000, 0x0000000748100000, 0x0000000748100000|100%| S|CS|TAMS 0x0000000748000000, 0x0000000748000000| Complete 
| 107|0x0000000748100000, 0x0000000748200000, 0x0000000748200000|100%| S|CS|TAMS 0x0000000748100000, 0x0000000748100000| Complete 
| 108|0x0000000748200000, 0x0000000748300000, 0x0000000748300000|100%| S|CS|TAMS 0x0000000748200000, 0x0000000748200000| Complete 
| 109|0x0000000748300000, 0x0000000748400000, 0x0000000748400000|100%| S|CS|TAMS 0x0000000748300000, 0x0000000748300000| Complete 
| 110|0x0000000748400000, 0x0000000748500000, 0x0000000748500000|100%| S|CS|TAMS 0x0000000748400000, 0x0000000748400000| Complete 
| 111|0x0000000748500000, 0x0000000748600000, 0x0000000748600000|100%| S|CS|TAMS 0x0000000748500000, 0x0000000748500000| Complete 
| 112|0x0000000748600000, 0x0000000748600000, 0x0000000748700000|  0%| F|  |TAMS 0x0000000748600000, 0x0000000748600000| Untracked 
| 113|0x0000000748700000, 0x0000000748700000, 0x0000000748800000|  0%| F|  |TAMS 0x0000000748700000, 0x0000000748700000| Untracked 
| 114|0x0000000748800000, 0x0000000748800000, 0x0000000748900000|  0%| F|  |TAMS 0x0000000748800000, 0x0000000748800000| Untracked 
| 115|0x0000000748900000, 0x0000000748900000, 0x0000000748a00000|  0%| F|  |TAMS 0x0000000748900000, 0x0000000748900000| Untracked 
| 116|0x0000000748a00000, 0x0000000748a00000, 0x0000000748b00000|  0%| F|  |TAMS 0x0000000748a00000, 0x0000000748a00000| Untracked 
| 117|0x0000000748b00000, 0x0000000748b00000, 0x0000000748c00000|  0%| F|  |TAMS 0x0000000748b00000, 0x0000000748b00000| Untracked 
| 118|0x0000000748c00000, 0x0000000748c00000, 0x0000000748d00000|  0%| F|  |TAMS 0x0000000748c00000, 0x0000000748c00000| Untracked 
| 119|0x0000000748d00000, 0x0000000748d00000, 0x0000000748e00000|  0%| F|  |TAMS 0x0000000748d00000, 0x0000000748d00000| Untracked 
| 120|0x0000000748e00000, 0x0000000748e00000, 0x0000000748f00000|  0%| F|  |TAMS 0x0000000748e00000, 0x0000000748e00000| Untracked 
| 121|0x0000000748f00000, 0x0000000748f00000, 0x0000000749000000|  0%| F|  |TAMS 0x0000000748f00000, 0x0000000748f00000| Untracked 
| 122|0x0000000749000000, 0x0000000749000000, 0x0000000749100000|  0%| F|  |TAMS 0x0000000749000000, 0x0000000749000000| Untracked 
| 123|0x0000000749100000, 0x0000000749100000, 0x0000000749200000|  0%| F|  |TAMS 0x0000000749100000, 0x0000000749100000| Untracked 
| 124|0x0000000749200000, 0x0000000749200000, 0x0000000749300000|  0%| F|  |TAMS 0x0000000749200000, 0x0000000749200000| Untracked 
| 125|0x0000000749300000, 0x0000000749300000, 0x0000000749400000|  0%| F|  |TAMS 0x0000000749300000, 0x0000000749300000| Untracked 
| 126|0x0000000749400000, 0x0000000749400000, 0x0000000749500000|  0%| F|  |TAMS 0x0000000749400000, 0x0000000749400000| Untracked 
| 127|0x0000000749500000, 0x0000000749500000, 0x0000000749600000|  0%| F|  |TAMS 0x0000000749500000, 0x0000000749500000| Untracked 
| 128|0x0000000749600000, 0x0000000749600000, 0x0000000749700000|  0%| F|  |TAMS 0x0000000749600000, 0x0000000749600000| Untracked 
| 129|0x0000000749700000, 0x0000000749700000, 0x0000000749800000|  0%| F|  |TAMS 0x0000000749700000, 0x0000000749700000| Untracked 
| 130|0x0000000749800000, 0x0000000749800000, 0x0000000749900000|  0%| F|  |TAMS 0x0000000749800000, 0x0000000749800000| Untracked 
| 131|0x0000000749900000, 0x0000000749900000, 0x0000000749a00000|  0%| F|  |TAMS 0x0000000749900000, 0x0000000749900000| Untracked 
| 132|0x0000000749a00000, 0x0000000749a00000, 0x0000000749b00000|  0%| F|  |TAMS 0x0000000749a00000, 0x0000000749a00000| Untracked 
| 133|0x0000000749b00000, 0x0000000749b00000, 0x0000000749c00000|  0%| F|  |TAMS 0x0000000749b00000, 0x0000000749b00000| Untracked 
| 134|0x0000000749c00000, 0x0000000749c00000, 0x0000000749d00000|  0%| F|  |TAMS 0x0000000749c00000, 0x0000000749c00000| Untracked 
| 135|0x0000000749d00000, 0x0000000749d00000, 0x0000000749e00000|  0%| F|  |TAMS 0x0000000749d00000, 0x0000000749d00000| Untracked 
| 136|0x0000000749e00000, 0x0000000749e00000, 0x0000000749f00000|  0%| F|  |TAMS 0x0000000749e00000, 0x0000000749e00000| Untracked 
| 137|0x0000000749f00000, 0x0000000749f00000, 0x000000074a000000|  0%| F|  |TAMS 0x0000000749f00000, 0x0000000749f00000| Untracked 
| 138|0x000000074a000000, 0x000000074a000000, 0x000000074a100000|  0%| F|  |TAMS 0x000000074a000000, 0x000000074a000000| Untracked 
| 139|0x000000074a100000, 0x000000074a100000, 0x000000074a200000|  0%| F|  |TAMS 0x000000074a100000, 0x000000074a100000| Untracked 
| 140|0x000000074a200000, 0x000000074a200000, 0x000000074a300000|  0%| F|  |TAMS 0x000000074a200000, 0x000000074a200000| Untracked 
| 141|0x000000074a300000, 0x000000074a300000, 0x000000074a400000|  0%| F|  |TAMS 0x000000074a300000, 0x000000074a300000| Untracked 
| 142|0x000000074a400000, 0x000000074a400000, 0x000000074a500000|  0%| F|  |TAMS 0x000000074a400000, 0x000000074a400000| Untracked 
| 143|0x000000074a500000, 0x000000074a500000, 0x000000074a600000|  0%| F|  |TAMS 0x000000074a500000, 0x000000074a500000| Untracked 
| 144|0x000000074a600000, 0x000000074a600000, 0x000000074a700000|  0%| F|  |TAMS 0x000000074a600000, 0x000000074a600000| Untracked 
| 145|0x000000074a700000, 0x000000074a700000, 0x000000074a800000|  0%| F|  |TAMS 0x000000074a700000, 0x000000074a700000| Untracked 
| 146|0x000000074a800000, 0x000000074a800000, 0x000000074a900000|  0%| F|  |TAMS 0x000000074a800000, 0x000000074a800000| Untracked 
| 147|0x000000074a900000, 0x000000074a900000, 0x000000074aa00000|  0%| F|  |TAMS 0x000000074a900000, 0x000000074a900000| Untracked 
| 148|0x000000074aa00000, 0x000000074aa00000, 0x000000074ab00000|  0%| F|  |TAMS 0x000000074aa00000, 0x000000074aa00000| Untracked 
| 149|0x000000074ab00000, 0x000000074ab00000, 0x000000074ac00000|  0%| F|  |TAMS 0x000000074ab00000, 0x000000074ab00000| Untracked 
| 150|0x000000074ac00000, 0x000000074ac00000, 0x000000074ad00000|  0%| F|  |TAMS 0x000000074ac00000, 0x000000074ac00000| Untracked 
| 151|0x000000074ad00000, 0x000000074ad00000, 0x000000074ae00000|  0%| F|  |TAMS 0x000000074ad00000, 0x000000074ad00000| Untracked 
| 152|0x000000074ae00000, 0x000000074ae00000, 0x000000074af00000|  0%| F|  |TAMS 0x000000074ae00000, 0x000000074ae00000| Untracked 
| 153|0x000000074af00000, 0x000000074af00000, 0x000000074b000000|  0%| F|  |TAMS 0x000000074af00000, 0x000000074af00000| Untracked 
| 154|0x000000074b000000, 0x000000074b000000, 0x000000074b100000|  0%| F|  |TAMS 0x000000074b000000, 0x000000074b000000| Untracked 
| 155|0x000000074b100000, 0x000000074b100000, 0x000000074b200000|  0%| F|  |TAMS 0x000000074b100000, 0x000000074b100000| Untracked 
| 156|0x000000074b200000, 0x000000074b200000, 0x000000074b300000|  0%| F|  |TAMS 0x000000074b200000, 0x000000074b200000| Untracked 
| 157|0x000000074b300000, 0x000000074b300000, 0x000000074b400000|  0%| F|  |TAMS 0x000000074b300000, 0x000000074b300000| Untracked 
| 158|0x000000074b400000, 0x000000074b400000, 0x000000074b500000|  0%| F|  |TAMS 0x000000074b400000, 0x000000074b400000| Untracked 
| 159|0x000000074b500000, 0x000000074b500000, 0x000000074b600000|  0%| F|  |TAMS 0x000000074b500000, 0x000000074b500000| Untracked 
| 160|0x000000074b600000, 0x000000074b600000, 0x000000074b700000|  0%| F|  |TAMS 0x000000074b600000, 0x000000074b600000| Untracked 
| 161|0x000000074b700000, 0x000000074b700000, 0x000000074b800000|  0%| F|  |TAMS 0x000000074b700000, 0x000000074b700000| Untracked 
| 162|0x000000074b800000, 0x000000074b800000, 0x000000074b900000|  0%| F|  |TAMS 0x000000074b800000, 0x000000074b800000| Untracked 
| 163|0x000000074b900000, 0x000000074b900000, 0x000000074ba00000|  0%| F|  |TAMS 0x000000074b900000, 0x000000074b900000| Untracked 
| 164|0x000000074ba00000, 0x000000074ba00000, 0x000000074bb00000|  0%| F|  |TAMS 0x000000074ba00000, 0x000000074ba00000| Untracked 
| 165|0x000000074bb00000, 0x000000074bb00000, 0x000000074bc00000|  0%| F|  |TAMS 0x000000074bb00000, 0x000000074bb00000| Untracked 
| 166|0x000000074bc00000, 0x000000074bc00000, 0x000000074bd00000|  0%| F|  |TAMS 0x000000074bc00000, 0x000000074bc00000| Untracked 
| 167|0x000000074bd00000, 0x000000074bd00000, 0x000000074be00000|  0%| F|  |TAMS 0x000000074bd00000, 0x000000074bd00000| Untracked 
| 168|0x000000074be00000, 0x000000074be00000, 0x000000074bf00000|  0%| F|  |TAMS 0x000000074be00000, 0x000000074be00000| Untracked 
| 169|0x000000074bf00000, 0x000000074bf00000, 0x000000074c000000|  0%| F|  |TAMS 0x000000074bf00000, 0x000000074bf00000| Untracked 
| 170|0x000000074c000000, 0x000000074c000000, 0x000000074c100000|  0%| F|  |TAMS 0x000000074c000000, 0x000000074c000000| Untracked 
| 171|0x000000074c100000, 0x000000074c100000, 0x000000074c200000|  0%| F|  |TAMS 0x000000074c100000, 0x000000074c100000| Untracked 
| 172|0x000000074c200000, 0x000000074c200000, 0x000000074c300000|  0%| F|  |TAMS 0x000000074c200000, 0x000000074c200000| Untracked 
| 173|0x000000074c300000, 0x000000074c300000, 0x000000074c400000|  0%| F|  |TAMS 0x000000074c300000, 0x000000074c300000| Untracked 
| 174|0x000000074c400000, 0x000000074c400000, 0x000000074c500000|  0%| F|  |TAMS 0x000000074c400000, 0x000000074c400000| Untracked 
| 175|0x000000074c500000, 0x000000074c500000, 0x000000074c600000|  0%| F|  |TAMS 0x000000074c500000, 0x000000074c500000| Untracked 
| 176|0x000000074c600000, 0x000000074c600000, 0x000000074c700000|  0%| F|  |TAMS 0x000000074c600000, 0x000000074c600000| Untracked 
| 177|0x000000074c700000, 0x000000074c780800, 0x000000074c800000| 50%| E|  |TAMS 0x000000074c700000, 0x000000074c700000| Complete 
| 178|0x000000074c800000, 0x000000074c900000, 0x000000074c900000|100%| E|CS|TAMS 0x000000074c800000, 0x000000074c800000| Complete 
| 179|0x000000074c900000, 0x000000074ca00000, 0x000000074ca00000|100%| E|CS|TAMS 0x000000074c900000, 0x000000074c900000| Complete 
| 180|0x000000074ca00000, 0x000000074cb00000, 0x000000074cb00000|100%| E|CS|TAMS 0x000000074ca00000, 0x000000074ca00000| Complete 
| 181|0x000000074cb00000, 0x000000074cc00000, 0x000000074cc00000|100%| E|CS|TAMS 0x000000074cb00000, 0x000000074cb00000| Complete 
| 182|0x000000074cc00000, 0x000000074cd00000, 0x000000074cd00000|100%| E|CS|TAMS 0x000000074cc00000, 0x000000074cc00000| Complete 
| 183|0x000000074cd00000, 0x000000074ce00000, 0x000000074ce00000|100%| E|CS|TAMS 0x000000074cd00000, 0x000000074cd00000| Complete 
| 184|0x000000074ce00000, 0x000000074cf00000, 0x000000074cf00000|100%| E|CS|TAMS 0x000000074ce00000, 0x000000074ce00000| Complete 
| 185|0x000000074cf00000, 0x000000074d000000, 0x000000074d000000|100%| E|CS|TAMS 0x000000074cf00000, 0x000000074cf00000| Complete 
| 186|0x000000074d000000, 0x000000074d100000, 0x000000074d100000|100%| E|CS|TAMS 0x000000074d000000, 0x000000074d000000| Complete 
| 187|0x000000074d100000, 0x000000074d200000, 0x000000074d200000|100%| E|CS|TAMS 0x000000074d100000, 0x000000074d100000| Complete 
| 188|0x000000074d200000, 0x000000074d300000, 0x000000074d300000|100%| E|CS|TAMS 0x000000074d200000, 0x000000074d200000| Complete 
| 189|0x000000074d300000, 0x000000074d400000, 0x000000074d400000|100%| E|CS|TAMS 0x000000074d300000, 0x000000074d300000| Complete 
| 190|0x000000074d400000, 0x000000074d500000, 0x000000074d500000|100%| E|CS|TAMS 0x000000074d400000, 0x000000074d400000| Complete 
| 191|0x000000074d500000, 0x000000074d600000, 0x000000074d600000|100%| E|CS|TAMS 0x000000074d500000, 0x000000074d500000| Complete 
| 192|0x000000074d600000, 0x000000074d700000, 0x000000074d700000|100%| E|CS|TAMS 0x000000074d600000, 0x000000074d600000| Complete 
| 193|0x000000074d700000, 0x000000074d800000, 0x000000074d800000|100%| E|CS|TAMS 0x000000074d700000, 0x000000074d700000| Complete 
| 194|0x000000074d800000, 0x000000074d900000, 0x000000074d900000|100%| E|CS|TAMS 0x000000074d800000, 0x000000074d800000| Complete 
| 195|0x000000074d900000, 0x000000074da00000, 0x000000074da00000|100%| E|CS|TAMS 0x000000074d900000, 0x000000074d900000| Complete 
| 196|0x000000074da00000, 0x000000074db00000, 0x000000074db00000|100%| E|CS|TAMS 0x000000074da00000, 0x000000074da00000| Complete 
| 197|0x000000074db00000, 0x000000074dc00000, 0x000000074dc00000|100%| E|CS|TAMS 0x000000074db00000, 0x000000074db00000| Complete 
| 198|0x000000074dc00000, 0x000000074dd00000, 0x000000074dd00000|100%| E|CS|TAMS 0x000000074dc00000, 0x000000074dc00000| Complete 
| 199|0x000000074dd00000, 0x000000074de00000, 0x000000074de00000|100%| E|CS|TAMS 0x000000074dd00000, 0x000000074dd00000| Complete 
| 200|0x000000074de00000, 0x000000074df00000, 0x000000074df00000|100%| E|CS|TAMS 0x000000074de00000, 0x000000074de00000| Complete 
| 201|0x000000074df00000, 0x000000074e000000, 0x000000074e000000|100%| E|CS|TAMS 0x000000074df00000, 0x000000074df00000| Complete 
| 202|0x000000074e000000, 0x000000074e100000, 0x000000074e100000|100%| E|CS|TAMS 0x000000074e000000, 0x000000074e000000| Complete 
| 203|0x000000074e100000, 0x000000074e200000, 0x000000074e200000|100%| E|CS|TAMS 0x000000074e100000, 0x000000074e100000| Complete 
| 204|0x000000074e200000, 0x000000074e300000, 0x000000074e300000|100%| E|CS|TAMS 0x000000074e200000, 0x000000074e200000| Complete 
| 205|0x000000074e300000, 0x000000074e400000, 0x000000074e400000|100%| E|CS|TAMS 0x000000074e300000, 0x000000074e300000| Complete 
| 206|0x000000074e400000, 0x000000074e500000, 0x000000074e500000|100%| E|CS|TAMS 0x000000074e400000, 0x000000074e400000| Complete 
| 207|0x000000074e500000, 0x000000074e600000, 0x000000074e600000|100%| E|CS|TAMS 0x000000074e500000, 0x000000074e500000| Complete 
| 208|0x000000074e600000, 0x000000074e700000, 0x000000074e700000|100%| E|CS|TAMS 0x000000074e600000, 0x000000074e600000| Complete 
| 209|0x000000074e700000, 0x000000074e800000, 0x000000074e800000|100%| E|CS|TAMS 0x000000074e700000, 0x000000074e700000| Complete 
| 210|0x000000074e800000, 0x000000074e900000, 0x000000074e900000|100%| E|CS|TAMS 0x000000074e800000, 0x000000074e800000| Complete 
| 211|0x000000074e900000, 0x000000074ea00000, 0x000000074ea00000|100%| E|CS|TAMS 0x000000074e900000, 0x000000074e900000| Complete 
| 212|0x000000074ea00000, 0x000000074eb00000, 0x000000074eb00000|100%| E|CS|TAMS 0x000000074ea00000, 0x000000074ea00000| Complete 
| 213|0x000000074eb00000, 0x000000074ec00000, 0x000000074ec00000|100%| E|CS|TAMS 0x000000074eb00000, 0x000000074eb00000| Complete 
| 214|0x000000074ec00000, 0x000000074ed00000, 0x000000074ed00000|100%| E|CS|TAMS 0x000000074ec00000, 0x000000074ec00000| Complete 
| 215|0x000000074ed00000, 0x000000074ee00000, 0x000000074ee00000|100%| E|CS|TAMS 0x000000074ed00000, 0x000000074ed00000| Complete 
| 216|0x000000074ee00000, 0x000000074ef00000, 0x000000074ef00000|100%| E|CS|TAMS 0x000000074ee00000, 0x000000074ee00000| Complete 
| 217|0x000000074ef00000, 0x000000074f000000, 0x000000074f000000|100%| E|CS|TAMS 0x000000074ef00000, 0x000000074ef00000| Complete 
| 218|0x000000074f000000, 0x000000074f100000, 0x000000074f100000|100%| E|CS|TAMS 0x000000074f000000, 0x000000074f000000| Complete 
| 219|0x000000074f100000, 0x000000074f200000, 0x000000074f200000|100%| E|CS|TAMS 0x000000074f100000, 0x000000074f100000| Complete 
| 220|0x000000074f200000, 0x000000074f300000, 0x000000074f300000|100%| E|CS|TAMS 0x000000074f200000, 0x000000074f200000| Complete 
| 221|0x000000074f300000, 0x000000074f400000, 0x000000074f400000|100%| E|CS|TAMS 0x000000074f300000, 0x000000074f300000| Complete 
| 222|0x000000074f400000, 0x000000074f500000, 0x000000074f500000|100%| E|CS|TAMS 0x000000074f400000, 0x000000074f400000| Complete 
| 223|0x000000074f500000, 0x000000074f600000, 0x000000074f600000|100%| E|CS|TAMS 0x000000074f500000, 0x000000074f500000| Complete 
| 224|0x000000074f600000, 0x000000074f700000, 0x000000074f700000|100%| E|CS|TAMS 0x000000074f600000, 0x000000074f600000| Complete 
| 225|0x000000074f700000, 0x000000074f800000, 0x000000074f800000|100%| E|CS|TAMS 0x000000074f700000, 0x000000074f700000| Complete 
| 226|0x000000074f800000, 0x000000074f900000, 0x000000074f900000|100%| E|CS|TAMS 0x000000074f800000, 0x000000074f800000| Complete 
| 227|0x000000074f900000, 0x000000074fa00000, 0x000000074fa00000|100%| E|CS|TAMS 0x000000074f900000, 0x000000074f900000| Complete 
| 228|0x000000074fa00000, 0x000000074fb00000, 0x000000074fb00000|100%| E|CS|TAMS 0x000000074fa00000, 0x000000074fa00000| Complete 
| 229|0x000000074fb00000, 0x000000074fc00000, 0x000000074fc00000|100%| E|CS|TAMS 0x000000074fb00000, 0x000000074fb00000| Complete 
| 230|0x000000074fc00000, 0x000000074fd00000, 0x000000074fd00000|100%| E|CS|TAMS 0x000000074fc00000, 0x000000074fc00000| Complete 

Card table byte_map: [0x0000020deeb40000,0x0000020def140000] _byte_map_base: 0x0000020deb135000

Marking Bits (Prev, Next): (CMBitMap*) 0x0000020ddb45c550, (CMBitMap*) 0x0000020ddb45c518
 Prev Bits: [0x0000020df26f0000, 0x0000020df5698000)
 Next Bits: [0x0000020def740000, 0x0000020df26e8000)

Polling page: 0x0000020dd9b80000

Metaspace:

Usage:
  Non-class:     67.34 MB capacity,    66.80 MB (>99%) used,   435.80 KB ( <1%) free+waste,   120.19 KB ( <1%) overhead. 
      Class:      8.68 MB capacity,     8.36 MB ( 96%) used,   281.43 KB (  3%) free+waste,    50.25 KB ( <1%) overhead. 
       Both:     76.03 MB capacity,    75.16 MB ( 99%) used,   717.23 KB ( <1%) free+waste,   170.44 KB ( <1%) overhead. 

Virtual space:
  Non-class space:       68.00 MB reserved,      67.50 MB (>99%) committed 
      Class space:        1.00 GB reserved,       8.75 MB ( <1%) committed 
             Both:        1.07 GB reserved,      76.25 MB (  7%) committed 

Chunk freelists:
   Non-Class:  31.00 KB
       Class:  5.00 KB
        Both:  36.00 KB

MaxMetaspaceSize: 17179869184.00 GB
CompressedClassSpaceSize: 1.00 GB
Initial GC threshold: 20.80 MB
Current GC threshold: 98.54 MB
CDS: off

CodeHeap 'non-profiled nmethods': size=120064Kb used=5021Kb max_used=5021Kb free=115042Kb
 bounds [0x0000020de69e0000, 0x0000020de6ed0000, 0x0000020dedf20000]
CodeHeap 'profiled nmethods': size=120000Kb used=31351Kb max_used=31351Kb free=88648Kb
 bounds [0x0000020ddf4b0000, 0x0000020de1350000, 0x0000020de69e0000]
CodeHeap 'non-nmethods': size=5696Kb used=1365Kb max_used=1387Kb free=4331Kb
 bounds [0x0000020ddef20000, 0x0000020ddf190000, 0x0000020ddf4b0000]
 total_blobs=11498 nmethods=10853 adapters=554
 compilation: enabled
              stopped_count=0, restarted_count=0
 full_count=0

Compilation events (20 events):
Event: 14.571 Thread 0x0000020df855a000 nmethod 10917 0x0000020de6ec2410 code [0x0000020de6ec25c0, 0x0000020de6ec2678]
Event: 14.572 Thread 0x0000020df855a000 10918       3       org.jetbrains.kotlin.ir.util.DeepCopyTypeRemapper::setDeepCopy (12 bytes)
Event: 14.573 Thread 0x0000020df855a000 nmethod 10918 0x0000020de132db90 code [0x0000020de132ddc0, 0x0000020de132e3d8]
Event: 14.577 Thread 0x0000020df855a000 10919       3       org.jetbrains.kotlin.ir.expressions.IrMemberAccessExpression::getTypeArgumentsCount (6 bytes)
Event: 14.577 Thread 0x0000020df855a000 nmethod 10919 0x0000020de132e610 code [0x0000020de132e7c0, 0x0000020de132e8d8]
Event: 14.586 Thread 0x0000020df855a000 10920       3       org.jetbrains.kotlin.descriptors.impl.AbstractTypeParameterDescriptor::getOriginal (5 bytes)
Event: 14.587 Thread 0x0000020df855a000 nmethod 10920 0x0000020de132e990 code [0x0000020de132eb60, 0x0000020de132ee38]
Event: 14.587 Thread 0x0000020df855a000 10921       3       org.jetbrains.kotlin.descriptors.impl.AbstractTypeParameterDescriptor::getOriginal (17 bytes)
Event: 14.587 Thread 0x0000020df855a000 nmethod 10921 0x0000020de132ef10 code [0x0000020de132f0e0, 0x0000020de132f2d8]
Event: 14.588 Thread 0x0000020df855a000 10922       1       org.jetbrains.kotlin.ir.declarations.lazy.IrLazyTypeParameter::getSymbol (5 bytes)
Event: 14.588 Thread 0x0000020df855a000 nmethod 10922 0x0000020de6ec2710 code [0x0000020de6ec28c0, 0x0000020de6ec2978]
Event: 14.589 Thread 0x0000020df855a000 10923       3       org.jetbrains.kotlin.utils.SmartSet$ArrayIterator::hasNext (10 bytes)
Event: 14.590 Thread 0x0000020df855a000 nmethod 10923 0x0000020de132f390 code [0x0000020de132f540, 0x0000020de132f708]
Event: 14.590 Thread 0x0000020df855a000 10925       1       org.jetbrains.kotlin.ir.expressions.impl.IrConstructorCallImpl::getOrigin (5 bytes)
Event: 14.591 Thread 0x0000020df855a000 nmethod 10925 0x0000020de6ec2a10 code [0x0000020de6ec2bc0, 0x0000020de6ec2c78]
Event: 14.591 Thread 0x0000020df855a000 10926       1       org.jetbrains.kotlin.ir.expressions.impl.IrConstructorCallImpl::getConstructorTypeArgumentsCount (5 bytes)
Event: 14.591 Thread 0x0000020df855a000 nmethod 10926 0x0000020de6ec2d10 code [0x0000020de6ec2ec0, 0x0000020de6ec2f78]
Event: 14.593 Thread 0x0000020df8556800 nmethod 10856 0x0000020de6ec3010 code [0x0000020de6ec3240, 0x0000020de6ec4500]
Event: 14.593 Thread 0x0000020df8556800 10866       4       org.jetbrains.kotlin.ir.util.TransformKt::transformInPlace (66 bytes)
Event: 14.594 Thread 0x0000020df855a000 10928       3       org.jetbrains.kotlin.ir.util.DeepCopyTypeRemapper::remapType (365 bytes)

GC Heap History (14 events):
Event: 0.557 GC heap before
{Heap before GC invocations=0 (full 0):
 garbage-first heap   total 196608K, used 17408K [0x0000000741600000, 0x0000000800000000)
  region size 1024K, 14 young (14336K), 0 survivors (0K)
 Metaspace       used 9779K, capacity 9871K, committed 10112K, reserved 1058816K
  class space    used 827K, capacity 884K, committed 896K, reserved 1048576K
}
Event: 0.561 GC heap after
{Heap after GC invocations=1 (full 0):
 garbage-first heap   total 196608K, used 5201K [0x0000000741600000, 0x0000000800000000)
  region size 1024K, 2 young (2048K), 2 survivors (2048K)
 Metaspace       used 9779K, capacity 9871K, committed 10112K, reserved 1058816K
  class space    used 827K, capacity 884K, committed 896K, reserved 1048576K
}
Event: 1.720 GC heap before
{Heap before GC invocations=1 (full 0):
 garbage-first heap   total 196608K, used 52305K [0x0000000741600000, 0x0000000800000000)
  region size 1024K, 49 young (50176K), 2 survivors (2048K)
 Metaspace       used 21001K, capacity 21182K, committed 21248K, reserved 1069056K
  class space    used 2222K, capacity 2291K, committed 2304K, reserved 1048576K
}
Event: 1.739 GC heap after
{Heap after GC invocations=2 (full 0):
 garbage-first heap   total 196608K, used 9458K [0x0000000741600000, 0x0000000800000000)
  region size 1024K, 7 young (7168K), 7 survivors (7168K)
 Metaspace       used 21001K, capacity 21182K, committed 21248K, reserved 1069056K
  class space    used 2222K, capacity 2291K, committed 2304K, reserved 1048576K
}
Event: 3.052 GC heap before
{Heap before GC invocations=3 (full 0):
 garbage-first heap   total 196608K, used 71922K [0x0000000741600000, 0x0000000800000000)
  region size 1024K, 56 young (57344K), 7 survivors (7168K)
 Metaspace       used 30746K, capacity 31231K, committed 31484K, reserved 1077248K
  class space    used 3620K, capacity 3799K, committed 3836K, reserved 1048576K
}
Event: 3.073 GC heap after
{Heap after GC invocations=4 (full 0):
 garbage-first heap   total 196608K, used 24072K [0x0000000741600000, 0x0000000800000000)
  region size 1024K, 7 young (7168K), 7 survivors (7168K)
 Metaspace       used 30746K, capacity 31231K, committed 31484K, reserved 1077248K
  class space    used 3620K, capacity 3799K, committed 3836K, reserved 1048576K
}
Event: 3.630 GC heap before
{Heap before GC invocations=4 (full 0):
 garbage-first heap   total 196608K, used 46600K [0x0000000741600000, 0x0000000800000000)
  region size 1024K, 30 young (30720K), 7 survivors (7168K)
 Metaspace       used 35273K, capacity 35747K, committed 35964K, reserved 1081344K
  class space    used 4118K, capacity 4323K, committed 4476K, reserved 1048576K
}
Event: 3.642 GC heap after
{Heap after GC invocations=5 (full 0):
 garbage-first heap   total 196608K, used 24204K [0x0000000741600000, 0x0000000800000000)
  region size 1024K, 9 young (9216K), 9 survivors (9216K)
 Metaspace       used 35273K, capacity 35747K, committed 35964K, reserved 1081344K
  class space    used 4118K, capacity 4323K, committed 4476K, reserved 1048576K
}
Event: 6.358 GC heap before
{Heap before GC invocations=6 (full 0):
 garbage-first heap   total 196608K, used 135820K [0x0000000741600000, 0x0000000800000000)
  region size 1024K, 115 young (117760K), 9 survivors (9216K)
 Metaspace       used 52232K, capacity 52937K, committed 53244K, reserved 1095680K
  class space    used 6040K, capacity 6326K, committed 6396K, reserved 1048576K
}
Event: 6.390 GC heap after
{Heap after GC invocations=7 (full 0):
 garbage-first heap   total 236544K, used 37456K [0x0000000741600000, 0x0000000800000000)
  region size 1024K, 14 young (14336K), 14 survivors (14336K)
 Metaspace       used 52232K, capacity 52937K, committed 53244K, reserved 1095680K
  class space    used 6040K, capacity 6326K, committed 6396K, reserved 1048576K
}
Event: 9.093 GC heap before
{Heap before GC invocations=7 (full 0):
 garbage-first heap   total 236544K, used 119376K [0x0000000741600000, 0x0000000800000000)
  region size 1024K, 95 young (97280K), 14 survivors (14336K)
 Metaspace       used 59393K, capacity 60238K, committed 60368K, reserved 1101824K
  class space    used 6899K, capacity 7245K, committed 7292K, reserved 1048576K
}
Event: 9.213 GC heap after
{Heap after GC invocations=8 (full 0):
 garbage-first heap   total 236544K, used 49664K [0x0000000741600000, 0x0000000800000000)
  region size 1024K, 13 young (13312K), 13 survivors (13312K)
 Metaspace       used 59393K, capacity 60238K, committed 60368K, reserved 1101824K
  class space    used 6899K, capacity 7245K, committed 7292K, reserved 1048576K
}
Event: 13.080 GC heap before
{Heap before GC invocations=9 (full 0):
 garbage-first heap   total 236544K, used 158208K [0x0000000741600000, 0x0000000800000000)
  region size 1024K, 119 young (121856K), 13 survivors (13312K)
 Metaspace       used 70236K, capacity 71075K, committed 71292K, reserved 1112064K
  class space    used 7892K, capacity 8211K, committed 8316K, reserved 1048576K
}
Event: 13.125 GC heap after
{Heap after GC invocations=10 (full 0):
 garbage-first heap   total 236544K, used 61952K [0x0000000741600000, 0x0000000800000000)
  region size 1024K, 12 young (12288K), 12 survivors (12288K)
 Metaspace       used 70236K, capacity 71075K, committed 71292K, reserved 1112064K
  class space    used 7892K, capacity 8211K, committed 8316K, reserved 1048576K
}

Deoptimization events (20 events):
Event: 14.300 Thread 0x0000020ddb40b000 Uncommon trap: trap_request=0xffffffc6 fr.pc=0x0000020de6e71f7c relative=0x00000000000000bc
Event: 14.300 Thread 0x0000020ddb40b000 Uncommon trap: reason=bimorphic_or_optimized_type_check action=maybe_recompile pc=0x0000020de6e71f7c method=org.jetbrains.kotlin.ir.expressions.impl.IrGetFieldImpl.acceptChildren(Lorg/jetbrains/kotlin/ir/visitors/IrElementVisitor;Ljava/lang/Object;)V @ 21
Event: 14.300 Thread 0x0000020ddb40b000 DEOPT PACKING pc=0x0000020de6e71f7c sp=0x000000a5490facc0
Event: 14.300 Thread 0x0000020ddb40b000 DEOPT UNPACKING pc=0x0000020ddef6a1af sp=0x000000a5490fac40 mode 2
Event: 14.300 Thread 0x0000020ddb40b000 Uncommon trap: trap_request=0xffffffc6 fr.pc=0x0000020de6e71f7c relative=0x00000000000000bc
Event: 14.300 Thread 0x0000020ddb40b000 Uncommon trap: reason=bimorphic_or_optimized_type_check action=maybe_recompile pc=0x0000020de6e71f7c method=org.jetbrains.kotlin.ir.expressions.impl.IrGetFieldImpl.acceptChildren(Lorg/jetbrains/kotlin/ir/visitors/IrElementVisitor;Ljava/lang/Object;)V @ 21
Event: 14.300 Thread 0x0000020ddb40b000 DEOPT PACKING pc=0x0000020de6e71f7c sp=0x000000a5490faa70
Event: 14.300 Thread 0x0000020ddb40b000 DEOPT UNPACKING pc=0x0000020ddef6a1af sp=0x000000a5490fa9f0 mode 2
Event: 14.300 Thread 0x0000020ddb40b000 Uncommon trap: trap_request=0xffffffc6 fr.pc=0x0000020de6e71f7c relative=0x00000000000000bc
Event: 14.300 Thread 0x0000020ddb40b000 Uncommon trap: reason=bimorphic_or_optimized_type_check action=maybe_recompile pc=0x0000020de6e71f7c method=org.jetbrains.kotlin.ir.expressions.impl.IrGetFieldImpl.acceptChildren(Lorg/jetbrains/kotlin/ir/visitors/IrElementVisitor;Ljava/lang/Object;)V @ 21
Event: 14.300 Thread 0x0000020ddb40b000 DEOPT PACKING pc=0x0000020de6e71f7c sp=0x000000a5490fb440
Event: 14.300 Thread 0x0000020ddb40b000 DEOPT UNPACKING pc=0x0000020ddef6a1af sp=0x000000a5490fb3c0 mode 2
Event: 14.313 Thread 0x0000020ddb40b000 Uncommon trap: trap_request=0xffffffde fr.pc=0x0000020de6e8b3f8 relative=0x0000000000000778
Event: 14.313 Thread 0x0000020ddb40b000 Uncommon trap: reason=class_check action=maybe_recompile pc=0x0000020de6e8b3f8 method=org.jetbrains.kotlin.ir.symbols.FqNameEqualityChecker.getHashCode(Lorg/jetbrains/kotlin/ir/symbols/IrClassifierSymbol;)I @ 7 c2
Event: 14.313 Thread 0x0000020ddb40b000 DEOPT PACKING pc=0x0000020de6e8b3f8 sp=0x000000a5490fbe00
Event: 14.313 Thread 0x0000020ddb40b000 DEOPT UNPACKING pc=0x0000020ddef6a1af sp=0x000000a5490fbd40 mode 2
Event: 14.313 Thread 0x0000020ddb40b000 Uncommon trap: trap_request=0xffffffde fr.pc=0x0000020de6e8b3f8 relative=0x0000000000000778
Event: 14.313 Thread 0x0000020ddb40b000 Uncommon trap: reason=class_check action=maybe_recompile pc=0x0000020de6e8b3f8 method=org.jetbrains.kotlin.ir.symbols.FqNameEqualityChecker.getHashCode(Lorg/jetbrains/kotlin/ir/symbols/IrClassifierSymbol;)I @ 7 c2
Event: 14.313 Thread 0x0000020ddb40b000 DEOPT PACKING pc=0x0000020de6e8b3f8 sp=0x000000a5490fbe00
Event: 14.313 Thread 0x0000020ddb40b000 DEOPT UNPACKING pc=0x0000020ddef6a1af sp=0x000000a5490fbd40 mode 2

Classes redefined (0 events):
No events

Internal exceptions (20 events):
Event: 6.300 Thread 0x0000020ddb40b000 Exception <a 'java/lang/NoSuchMethodError'{0x00000007464f3e20}: 'java.lang.Object java.lang.invoke.DirectMethodHandle$Holder.invokeSpecial(java.lang.Object, java.lang.Object, java.lang.Object, java.lang.Object, java.lang.Object, java.lang.Object, java.lang.Object, java.lang.Object, java.lang.Object)'> (0x00000007464f3e20) thrown at [./src/hotspot/share/interpreter/linkResolver.cpp, line 773]
Event: 6.301 Thread 0x0000020ddb40b000 Exception <a 'java/lang/NoSuchMethodError'{0x00000007464f8018}: 'java.lang.Object java.lang.invoke.Invokers$Holder.linkToTargetMethod(java.lang.Object, java.lang.Object, java.lang.Object, java.lang.Object, java.lang.Object, java.lang.Object, java.lang.Object, java.lang.Object)'> (0x00000007464f8018) thrown at [./src/hotspot/share/interpreter/linkResolver.cpp, line 773]
Event: 6.532 Thread 0x0000020ddb40b000 Exception <a 'java/lang/NoSuchMethodError'{0x000000074f9968d0}: 'java.lang.Object java.lang.invoke.DirectMethodHandle$Holder.invokeSpecial(java.lang.Object, java.lang.Object, java.lang.Object, java.lang.Object, java.lang.Object, int)'> (0x000000074f9968d0) thrown at [./src/hotspot/share/interpreter/linkResolver.cpp, line 773]
Event: 6.532 Thread 0x0000020ddb40b000 Exception <a 'java/lang/NoSuchMethodError'{0x000000074f99a1c8}: 'java.lang.Object java.lang.invoke.Invokers$Holder.linkToTargetMethod(java.lang.Object, java.lang.Object, java.lang.Object, int, java.lang.Object)'> (0x000000074f99a1c8) thrown at [./src/hotspot/share/interpreter/linkResolver.cpp, line 773]
Event: 6.600 Thread 0x0000020ddb40b000 Exception <a 'java/lang/NoSuchMethodError'{0x000000074f8f7a78}: 'java.lang.Object java.lang.invoke.Invokers$Holder.linkToTargetMethod(java.lang.Object, java.lang.Object, java.lang.Object, java.lang.Object, java.lang.Object, java.lang.Object)'> (0x000000074f8f7a78) thrown at [./src/hotspot/share/interpreter/linkResolver.cpp, line 773]
Event: 6.867 Thread 0x0000020ddb40b000 Exception <a 'java/lang/NoSuchMethodError'{0x000000074e932a00}: 'java.lang.Object java.lang.invoke.DirectMethodHandle$Holder.invokeStaticInit(java.lang.Object, java.lang.Object, java.lang.Object)'> (0x000000074e932a00) thrown at [./src/hotspot/share/interpreter/linkResolver.cpp, line 773]
Event: 8.145 Thread 0x0000020ddb40b000 Exception <a 'java/lang/NoSuchMethodError'{0x000000074c4d6688}: 'int java.lang.invoke.DirectMethodHandle$Holder.invokeInterface(java.lang.Object, java.lang.Object)'> (0x000000074c4d6688) thrown at [./src/hotspot/share/interpreter/linkResolver.cpp, line 773]
Event: 8.258 Thread 0x0000020ddb40b000 Exception <a 'java/lang/NoSuchMethodError'{0x000000074bf0bc08}: 'java.lang.Object java.lang.invoke.DirectMethodHandle$Holder.invokeInterface(java.lang.Object, java.lang.Object, java.lang.Object)'> (0x000000074bf0bc08) thrown at [./src/hotspot/share/interpreter/linkResolver.cpp, line 773]
Event: 8.306 Thread 0x0000020ddb40b000 Exception <a 'java/lang/NoSuchMethodError'{0x000000074be5c9b8}: 'java.lang.Object java.lang.invoke.Invokers$Holder.linkToTargetMethod(java.lang.Object, java.lang.Object, java.lang.Object, int, int, java.lang.Object)'> (0x000000074be5c9b8) thrown at [./src/hotspot/share/interpreter/linkResolver.cpp, line 773]
Event: 8.426 Thread 0x0000020ddb40b000 Exception <a 'java/lang/NoSuchMethodError'{0x000000074bb375f0}: 'int java.lang.invoke.DirectMethodHandle$Holder.invokeVirtual(java.lang.Object, java.lang.Object, java.lang.Object)'> (0x000000074bb375f0) thrown at [./src/hotspot/share/interpreter/linkResolver.cpp, line 773]
Event: 8.496 Thread 0x0000020ddb40b000 Exception <a 'java/lang/NoSuchMethodError'{0x000000074b9272e0}: 'int java.lang.invoke.DirectMethodHandle$Holder.invokeStaticInit(java.lang.Object, int)'> (0x000000074b9272e0) thrown at [./src/hotspot/share/interpreter/linkResolver.cpp, line 773]
Event: 8.569 Thread 0x0000020ddb40b000 Exception <a 'java/lang/IncompatibleClassChangeError'{0x000000074b8d9668}: Found class java.lang.Object, but interface was expected> (0x000000074b8d9668) thrown at [./src/hotspot/share/interpreter/linkResolver.cpp, line 839]
Event: 8.576 Thread 0x0000020ddb40b000 Implicit null exception at 0x0000020de6b1234c to 0x0000020de6b12434
Event: 8.655 Thread 0x0000020ddb40b000 Implicit null exception at 0x0000020de6c04304 to 0x0000020de6c04dd0
Event: 8.685 Thread 0x0000020ddb40b000 Exception <a 'java/lang/IncompatibleClassChangeError'{0x000000074b453d60}: Found class java.lang.Object, but interface was expected> (0x000000074b453d60) thrown at [./src/hotspot/share/interpreter/linkResolver.cpp, line 839]
Event: 8.695 Thread 0x0000020ddb40b000 Implicit null exception at 0x0000020de69fcbf4 to 0x0000020de69fd11c
Event: 8.859 Thread 0x0000020ddb40b000 Exception <a 'java/lang/NoSuchMethodError'{0x000000074b17dc48}: 'java.lang.Object java.lang.invoke.Invokers$Holder.linkToTargetMethod(java.lang.Object, java.lang.Object, java.lang.Object, java.lang.Object, java.lang.Object, java.lang.Object, java.lang.Object)'> (0x000000074b17dc48) thrown at [./src/hotspot/share/interpreter/linkResolver.cpp, line 773]
Event: 9.092 Thread 0x0000020ddb40b000 Exception <a 'java/lang/NoSuchMethodError'{0x000000074acf1738}: 'java.lang.Object java.lang.invoke.DirectMethodHandle$Holder.invokeStatic(java.lang.Object, int, java.lang.Object, java.lang.Object)'> (0x000000074acf1738) thrown at [./src/hotspot/share/interpreter/linkResolver.cpp, line 773]
Event: 10.788 Thread 0x0000020ddb40b000 Implicit null exception at 0x0000020de6a3bf75 to 0x0000020de6a3c164
Event: 11.281 Thread 0x0000020ddb40b000 Implicit null exception at 0x0000020de6c974d2 to 0x0000020de6c977a3

Events (20 events):
Event: 14.514 loading class org/jetbrains/kotlin/utils/DFS$Neighbors
Event: 14.514 loading class org/jetbrains/kotlin/utils/DFS$Neighbors done
Event: 14.514 loading class org/jetbrains/kotlin/ir/util/IrTypeUtilsKt$isSuspendFunctionTypeOrSubtype$2
Event: 14.514 loading class org/jetbrains/kotlin/ir/util/IrTypeUtilsKt$isSuspendFunctionTypeOrSubtype$2 done
Event: 14.519 loading class org/jetbrains/kotlin/backend/jvm/lower/PropertyReferenceLowering$PropertyInstance
Event: 14.519 loading class org/jetbrains/kotlin/backend/jvm/lower/PropertyReferenceLowering$PropertyInstance done
Event: 14.519 loading class org/jetbrains/kotlin/ir/expressions/IrLocalDelegatedPropertyReference
Event: 14.519 loading class org/jetbrains/kotlin/ir/expressions/IrLocalDelegatedPropertyReference done
Event: 14.520 loading class org/jetbrains/kotlin/backend/jvm/lower/PropertyReferenceLowering$PropertyReferenceKind
Event: 14.520 loading class org/jetbrains/kotlin/backend/jvm/lower/PropertyReferenceLowering$PropertyReferenceKind done
Event: 14.521 loading class org/jetbrains/kotlin/backend/jvm/lower/PropertyReferenceLowering$visitClassNew$lambda-17$lambda-16$$inlined$sortedBy$1
Event: 14.521 loading class org/jetbrains/kotlin/backend/jvm/lower/PropertyReferenceLowering$visitClassNew$lambda-17$lambda-16$$inlined$sortedBy$1 done
Event: 14.522 loading class org/jetbrains/kotlin/backend/jvm/ir/IrArrayBuilderKt
Event: 14.522 loading class org/jetbrains/kotlin/backend/jvm/ir/IrArrayBuilderKt done
Event: 14.524 loading class org/jetbrains/kotlin/backend/jvm/ir/IrArrayBuilder
Event: 14.524 loading class org/jetbrains/kotlin/backend/jvm/ir/IrArrayBuilder done
Event: 14.526 loading class org/jetbrains/kotlin/backend/jvm/ir/IrArrayElement
Event: 14.526 loading class org/jetbrains/kotlin/backend/jvm/ir/IrArrayElement done
Event: 14.553 Executing VM operation: ICBufferFull
Event: 14.553 Executing VM operation: ICBufferFull done


Dynamic libraries:
0x00007ff6b5e70000 - 0x00007ff6b5e7a000 	C:\Program Files\Android\Android Studio4\jre\bin\java.exe
0x00007ffd06ad0000 - 0x00007ffd06cc7000 	C:\WINDOWS\SYSTEM32\ntdll.dll
0x00007ffd066b0000 - 0x00007ffd0676d000 	C:\WINDOWS\System32\KERNEL32.DLL
0x00007ffd04370000 - 0x00007ffd0463d000 	C:\WINDOWS\System32\KERNELBASE.dll
0x00007ffd041f0000 - 0x00007ffd042f0000 	C:\WINDOWS\System32\ucrtbase.dll
0x00007ffcfcaf0000 - 0x00007ffcfcb09000 	C:\Program Files\Android\Android Studio4\jre\bin\jli.dll
0x00007ffcfaf10000 - 0x00007ffcfaf27000 	C:\Program Files\Android\Android Studio4\jre\bin\VCRUNTIME140.dll
0x00007ffd053c0000 - 0x00007ffd05560000 	C:\WINDOWS\System32\USER32.dll
0x00007ffceca10000 - 0x00007ffceccaa000 	C:\WINDOWS\WinSxS\amd64_microsoft.windows.common-controls_6595b64144ccf1df_6.0.19041.1110_none_60b5254171f9507e\COMCTL32.dll
0x00007ffd042f0000 - 0x00007ffd04312000 	C:\WINDOWS\System32\win32u.dll
0x00007ffd05f00000 - 0x00007ffd05f9e000 	C:\WINDOWS\System32\msvcrt.dll
0x00007ffd05d10000 - 0x00007ffd05d3a000 	C:\WINDOWS\System32\GDI32.dll
0x00007ffd04a20000 - 0x00007ffd04b2b000 	C:\WINDOWS\System32\gdi32full.dll
0x00007ffd048c0000 - 0x00007ffd0495d000 	C:\WINDOWS\System32\msvcp_win.dll
0x00007ffd06820000 - 0x00007ffd06850000 	C:\WINDOWS\System32\IMM32.DLL
0x00007ffcd3470000 - 0x00007ffcd350d000 	C:\Program Files\Android\Android Studio4\jre\bin\msvcp140.dll
0x00007ffc9b2a0000 - 0x00007ffc9bd85000 	C:\Program Files\Android\Android Studio4\jre\bin\server\jvm.dll
0x00007ffd069e0000 - 0x00007ffd06a8e000 	C:\WINDOWS\System32\ADVAPI32.dll
0x00007ffd060e0000 - 0x00007ffd0617c000 	C:\WINDOWS\System32\sechost.dll
0x00007ffd05fb0000 - 0x00007ffd060d5000 	C:\WINDOWS\System32\RPCRT4.dll
0x00007ffd05ef0000 - 0x00007ffd05ef8000 	C:\WINDOWS\System32\PSAPI.DLL
0x00007ffcf23e0000 - 0x00007ffcf23e9000 	C:\WINDOWS\SYSTEM32\WSOCK32.dll
0x00007ffcf11e0000 - 0x00007ffcf1207000 	C:\WINDOWS\SYSTEM32\WINMM.dll
0x00007ffd05b60000 - 0x00007ffd05bcb000 	C:\WINDOWS\System32\WS2_32.dll
0x00007ffd021d0000 - 0x00007ffd021da000 	C:\WINDOWS\SYSTEM32\VERSION.dll
0x00007ffd02a80000 - 0x00007ffd02a92000 	C:\WINDOWS\SYSTEM32\kernel.appcore.dll
0x00007ffd02220000 - 0x00007ffd02231000 	C:\Program Files\Android\Android Studio4\jre\bin\verify.dll
0x00007ffd01620000 - 0x00007ffd01804000 	C:\WINDOWS\SYSTEM32\DBGHELP.DLL
0x00007ffcebbd0000 - 0x00007ffcebbfc000 	C:\WINDOWS\SYSTEM32\dbgcore.DLL
0x00007ffd04960000 - 0x00007ffd049e2000 	C:\WINDOWS\System32\bcryptPrimitives.dll
0x00007ffcfcc50000 - 0x00007ffcfcc79000 	C:\Program Files\Android\Android Studio4\jre\bin\java.dll
0x00007ffd022c0000 - 0x00007ffd022cb000 	C:\Program Files\Android\Android Studio4\jre\bin\jimage.dll
0x00007ffcfcc30000 - 0x00007ffcfcc48000 	C:\Program Files\Android\Android Studio4\jre\bin\zip.dll
0x00007ffd04c50000 - 0x00007ffd05394000 	C:\WINDOWS\System32\SHELL32.dll
0x00007ffd022d0000 - 0x00007ffd02a64000 	C:\WINDOWS\SYSTEM32\windows.storage.dll
0x00007ffd05770000 - 0x00007ffd05ac4000 	C:\WINDOWS\System32\combase.dll
0x00007ffd03c50000 - 0x00007ffd03c7c000 	C:\WINDOWS\SYSTEM32\Wldp.dll
0x00007ffd05630000 - 0x00007ffd056dd000 	C:\WINDOWS\System32\SHCORE.dll
0x00007ffd06850000 - 0x00007ffd068a5000 	C:\WINDOWS\System32\shlwapi.dll
0x00007ffd04130000 - 0x00007ffd0414f000 	C:\WINDOWS\SYSTEM32\profapi.dll
0x00007ffcfafa0000 - 0x00007ffcfafba000 	C:\Program Files\Android\Android Studio4\jre\bin\net.dll
0x00007ffcf4be0000 - 0x00007ffcf4cea000 	C:\WINDOWS\SYSTEM32\WINHTTP.dll
0x00007ffd039b0000 - 0x00007ffd03a1a000 	C:\WINDOWS\system32\mswsock.dll
0x00007ffcfaf80000 - 0x00007ffcfaf94000 	C:\Program Files\Android\Android Studio4\jre\bin\nio.dll

dbghelp: loaded successfully - version: 4.0.5 - missing functions: none
symbol engine: initialized successfully - sym options: 0x614 - pdb path: .;C:\Program Files\Android\Android Studio4\jre\bin;C:\WINDOWS\SYSTEM32;C:\WINDOWS\WinSxS\amd64_microsoft.windows.common-controls_6595b64144ccf1df_6.0.19041.1110_none_60b5254171f9507e;C:\Program Files\Android\Android Studio4\jre\bin\server

VM Arguments:
java_command: org.jetbrains.kotlin.cli.jvm.K2JVMCompiler @C:\Users\leoba\AndroidStudioProjects\TextRecognizer\Paging3test\app\build\20220624_15641184696012134450.compiler.options
java_class_path (initial): C:\Users\leoba\.gradle\caches\modules-2\files-2.1\org.jetbrains.kotlin\kotlin-compiler-embeddable\1.5.21\40ddbcae9ff100473f95370c2d589ba3fc48eed5\kotlin-compiler-embeddable-1.5.21.jar;C:\Users\leoba\.gradle\caches\modules-2\files-2.1\org.jetbrains.kotlin\kotlin-reflect\1.5.21\802f1f39735ae1eb2b75714a40fa19bb2e687e96\kotlin-reflect-1.5.21.jar;C:\Users\leoba\.gradle\caches\modules-2\files-2.1\org.jetbrains.kotlin\kotlin-stdlib\1.5.21\2f537cad7e9eeb9da73738c8812e1e4cf9b62e4e\kotlin-stdlib-1.5.21.jar;C:\Users\leoba\.gradle\caches\modules-2\files-2.1\org.jetbrains.kotlin\kotlin-script-runtime\1.5.21\96d49e89873fde985750af354b6eabb60cfa999b\kotlin-script-runtime-1.5.21.jar;C:\Users\leoba\.gradle\caches\modules-2\files-2.1\org.jetbrains.kotlin\kotlin-daemon-embeddable\1.5.21\17255809e66a940dfdf6289bccbdfb5a09f3145\kotlin-daemon-embeddable-1.5.21.jar;C:\Users\leoba\.gradle\caches\modules-2\files-2.1\org.jetbrains.intellij.deps\trove4j\1.0.20181211\216c2e14b070f334479d800987affe4054cd563f\trove4j-1.0.20181211.jar;C:\Users\leoba\.gradle\caches\modules-2\files-2.1\org.jetbrains\annotations\13.0\919f0dfe192fb4e063e7dacadee7f8bb9a2672a9\annotations-13.0.jar;C:\Users\leoba\.gradle\caches\modules-2\files-2.1\org.jetbrains.kotlin\kotlin-stdlib-common\1.5.21\cc8bf3586fd2ebcf234058b9440bb406e62dfacb\kotlin-stdlib-common-1.5.21.jar
Launcher Type: SUN_STANDARD

[Global flags]
     intx CICompilerCount                          = 3                                         {product} {ergonomic}
     uint ConcGCThreads                            = 1                                         {product} {ergonomic}
     uint G1ConcRefinementThreads                  = 4                                         {product} {ergonomic}
   size_t G1HeapRegionSize                         = 1048576                                   {product} {ergonomic}
    uintx GCDrainStackTargetSize                   = 64                                        {product} {ergonomic}
   size_t InitialHeapSize                          = 201326592                                 {product} {ergonomic}
   size_t MarkStackSize                            = 4194304                                   {product} {ergonomic}
   size_t MaxHeapSize                              = 3198156800                                {product} {ergonomic}
   size_t MaxNewSize                               = 1918894080                                {product} {ergonomic}
   size_t MinHeapDeltaBytes                        = 1048576                                   {product} {ergonomic}
    uintx NonNMethodCodeHeapSize                   = 5830732                                {pd product} {ergonomic}
    uintx NonProfiledCodeHeapSize                  = 122913754                              {pd product} {ergonomic}
    uintx ProfiledCodeHeapSize                     = 122913754                              {pd product} {ergonomic}
    uintx ReservedCodeCacheSize                    = 251658240                              {pd product} {ergonomic}
     bool SegmentedCodeCache                       = true                                      {product} {ergonomic}
     bool UseCompressedClassPointers               = true                                 {lp64_product} {ergonomic}
     bool UseCompressedOops                        = true                                 {lp64_product} {ergonomic}
     bool UseG1GC                                  = true                                      {product} {ergonomic}
     bool UseLargePagesIndividualAllocation        = false                                  {pd product} {ergonomic}

Logging:
Log output configuration:
 #0: stdout all=warning uptime,level,tags
 #1: stderr all=off uptime,level,tags

Environment Variables:
PATH=C:\Program Files (x86)\Intel\Intel(R) Management Engine Components\iCLS\;C:\Program Files\Intel\Intel(R) Management Engine Components\iCLS\;C:\WINDOWS\system32;C:\WINDOWS;C:\WINDOWS\System32\Wbem;C:\WINDOWS\System32\WindowsPowerShell\v1.0\;C:\Program Files (x86)\Intel\Intel(R) Management Engine Components\DAL;C:\Program Files\Intel\Intel(R) Management Engine Components\DAL;C:\Program Files (x86)\Intel\Intel(R) Management Engine Components\IPT;C:\Program Files\Intel\Intel(R) Management Engine Components\IPT;c:\Program Files (x86)\Microsoft SQL Server\100\Tools\Binn\;c:\Program Files\Microsoft SQL Server\100\Tools\Binn\;c:\Program Files\Microsoft SQL Server\100\DTS\Binn\;c:\Program Files (x86)\Microsoft SQL Server\100\Tools\Binn\VSShell\Common7\IDE\;c:\Program Files (x86)\Microsoft SQL Server\100\DTS\Binn\;C:\WINDOWS\system32\config\systemprofile\.dnx\bin;C:\Program Files\Microsoft DNX\Dnvm\;C:\Program Files\Microsoft SQL Server\130\Tools\Binn\;C:\WINDOWS\System32\OpenSSH\;C:\Program Files\Git\cmd;C:\Users\leoba\AppData\Local\Microsoft\WindowsApps;C:\Users\leoba\AppData\Local\GitHubDesktop\bin;%USERPROFILE%\AppData\Local\Microsoft\WindowsApps;
USERNAME=leoba
OS=Windows_NT
PROCESSOR_IDENTIFIER=Intel64 Family 6 Model 142 Stepping 10, GenuineIntel



---------------  S Y S T E M  ---------------

OS: Windows 10 , 64 bit Build 19041 (10.0.19041.1741)
OS uptime: 4 days 2:53 hours

CPU:total 4 (initial active 4) (2 cores per cpu, 2 threads per core) family 6 model 142 stepping 10 microcode 0xb4, cmov, cx8, fxsr, mmx, sse, sse2, sse3, ssse3, sse4.1, sse4.2, popcnt, avx, avx2, aes, clmul, erms, 3dnowpref, lzcnt, ht, tsc, tscinvbit, bmi1, bmi2, adx, fma

Memory: 4k page, system-wide physical 12197M (887M free)
TotalPageFile size 12197M (AvailPageFile size 5M)
current process WorkingSet (physical memory assigned to process): 434M, peak: 434M
current process commit charge ("private bytes"): 479M, peak: 480M

vm_info: OpenJDK 64-Bit Server VM (11.0.12+7-b1504.28-7817840) for windows-amd64 JRE (11.0.12+7-b1504.28-7817840), built on Oct 13 2021 22:12:33 by "builder" with MS VC++ 14.0 (VS2015)

END.
