#
# There is insufficient memory for the Java Runtime Environment to continue.
# Native memory allocation (malloc) failed to allocate 838416 bytes for Chunk::new
# Possible reasons:
#   The system is out of physical RAM or swap space
#   The process is running with CompressedOops enabled, and the Java Heap may be blocking the growth of the native heap
# Possible solutions:
#   Reduce memory load on the system
#   Increase physical memory or swap space
#   Check if swap backing store is full
#   Decrease Java heap size (-Xmx/-Xms)
#   Decrease number of Java threads
#   Decrease Java thread stack sizes (-Xss)
#   Set larger code cache with -XX:ReservedCodeCacheSize=
#   JVM is running with Zero Based Compressed Oops mode in which the Java heap is
#     placed in the first 32GB address space. The Java Heap base address is the
#     maximum limit for the native heap growth. Please use -XX:HeapBaseMinAddress
#     to set the Java Heap base and to place the Java Heap above 32GB virtual address.
# This output file may be truncated or incomplete.
#
#  Out of Memory Error (./src/hotspot/share/memory/arena.cpp:197), pid=6904, tid=1720
#
# JRE version: OpenJDK Runtime Environment (11.0.12+7) (build 11.0.12+7-b1504.28-7817840)
# Java VM: OpenJDK 64-Bit Server VM (11.0.12+7-b1504.28-7817840, mixed mode, tiered, compressed oops, g1 gc, windows-amd64)
# No core dump will be written. Minidumps are not enabled by default on client versions of Windows
#

---------------  S U M M A R Y ------------

Command Line: org.jetbrains.kotlin.cli.jvm.K2JVMCompiler @C:\Users\leoba\AndroidStudioProjects\TextRecognizer\Paging3test\app\build\20220624_12965442734467091435.compiler.options

Host: Intel(R) Core(TM) i3-7020U CPU @ 2.30GHz, 4 cores, 11G,  Windows 10 , 64 bit Build 19041 (10.0.19041.1741)
Time: Fri Jun 24 17:33:46 2022 Hora estándar de Argentina elapsed time: 8.792059 seconds (0d 0h 0m 8s)

---------------  T H R E A D  ---------------

Current thread (0x00000132fd4ff800):  JavaThread "C2 CompilerThread1" daemon [_thread_in_native, id=1720, stack(0x00000016e7700000,0x00000016e7800000)]


Current CompileTask:
C2:   8792 6100       4       jdk.internal.loader.ClassLoaders$AppClassLoader::defineOrCheckPackage (8 bytes)

Stack: [0x00000016e7700000,0x00000016e7800000]
Native frames: (J=compiled Java code, j=interpreted, Vv=VM code, C=native code)
V  [jvm.dll+0x5fbcea]
V  [jvm.dll+0x731905]
V  [jvm.dll+0x732f1d]
V  [jvm.dll+0x7335d3]
V  [jvm.dll+0x247bf8]
V  [jvm.dll+0xc018c]
V  [jvm.dll+0xc06cc]
V  [jvm.dll+0x35b31d]
V  [jvm.dll+0x19d0bc]
V  [jvm.dll+0x20070e]
V  [jvm.dll+0x1ff794]
V  [jvm.dll+0x18868c]
V  [jvm.dll+0x20e0d7]
V  [jvm.dll+0x20c901]
V  [jvm.dll+0x6f9b7f]
V  [jvm.dll+0x6f26a5]
V  [jvm.dll+0x5fabf6]
C  [ucrtbase.dll+0x21bb2]
C  [KERNEL32.DLL+0x17034]
C  [ntdll.dll+0x52651]


---------------  P R O C E S S  ---------------

Threads class SMR info:
_java_thread_list=0x00000132ff4d4480, length=11, elements={
0x00000132ef23b800, 0x00000132fcb14000, 0x00000132fcb1e800, 0x00000132fd346800,
0x00000132fd34b000, 0x00000132fd34c800, 0x00000132fd394000, 0x00000132fd39b800,
0x00000132fd3a7800, 0x00000132fd507000, 0x00000132fd4ff800
}

Java Threads: ( => current thread )
  0x00000132ef23b800 JavaThread "main" [_thread_in_vm, id=16832, stack(0x00000016e6600000,0x00000016e6700000)]
  0x00000132fcb14000 JavaThread "Reference Handler" daemon [_thread_blocked, id=16344, stack(0x00000016e6d00000,0x00000016e6e00000)]
  0x00000132fcb1e800 JavaThread "Finalizer" daemon [_thread_blocked, id=12400, stack(0x00000016e6e00000,0x00000016e6f00000)]
  0x00000132fd346800 JavaThread "Signal Dispatcher" daemon [_thread_blocked, id=11148, stack(0x00000016e6f00000,0x00000016e7000000)]
  0x00000132fd34b000 JavaThread "Attach Listener" daemon [_thread_blocked, id=9588, stack(0x00000016e7000000,0x00000016e7100000)]
  0x00000132fd34c800 JavaThread "Service Thread" daemon [_thread_blocked, id=7028, stack(0x00000016e7100000,0x00000016e7200000)]
  0x00000132fd394000 JavaThread "C2 CompilerThread0" daemon [_thread_in_native, id=8232, stack(0x00000016e7200000,0x00000016e7300000)]
  0x00000132fd39b800 JavaThread "C1 CompilerThread0" daemon [_thread_in_native, id=12604, stack(0x00000016e7300000,0x00000016e7400000)]
  0x00000132fd3a7800 JavaThread "Sweeper thread" daemon [_thread_blocked, id=16624, stack(0x00000016e7400000,0x00000016e7500000)]
  0x00000132fd507000 JavaThread "Common-Cleaner" daemon [_thread_blocked, id=4996, stack(0x00000016e7600000,0x00000016e7700000)]
=>0x00000132fd4ff800 JavaThread "C2 CompilerThread1" daemon [_thread_in_native, id=1720, stack(0x00000016e7700000,0x00000016e7800000)]

Other Threads:
  0x00000132fcafe800 VMThread "VM Thread" [stack: 0x00000016e6c00000,0x00000016e6d00000] [id=9452]
  0x00000132fd4ff000 WatcherThread [stack: 0x00000016e7500000,0x00000016e7600000] [id=10648]
  0x00000132ef253800 GCTaskThread "GC Thread#0" [stack: 0x00000016e6700000,0x00000016e6800000] [id=18152]
  0x00000132fda73800 GCTaskThread "GC Thread#1" [stack: 0x00000016e7800000,0x00000016e7900000] [id=15432]
  0x00000132fda74800 GCTaskThread "GC Thread#2" [stack: 0x00000016e7900000,0x00000016e7a00000] [id=13212]
  0x00000132fdabf000 GCTaskThread "GC Thread#3" [stack: 0x00000016e7a00000,0x00000016e7b00000] [id=15828]
  0x00000132ef299000 ConcurrentGCThread "G1 Main Marker" [stack: 0x00000016e6800000,0x00000016e6900000] [id=5644]
  0x00000132ef29a800 ConcurrentGCThread "G1 Conc#0" [stack: 0x00000016e6900000,0x00000016e6a00000] [id=17392]
  0x00000132ef31d800 ConcurrentGCThread "G1 Refine#0" [stack: 0x00000016e6a00000,0x00000016e6b00000] [id=13984]
  0x00000132fc96b800 ConcurrentGCThread "G1 Young RemSet Sampling" [stack: 0x00000016e6b00000,0x00000016e6c00000] [id=11568]

Threads with active compile tasks:
C2 CompilerThread0   8820 6180   !   4       jdk.internal.loader.Resource::getBytes (242 bytes)
C2 CompilerThread1   8820 6100       4       jdk.internal.loader.ClassLoaders$AppClassLoader::defineOrCheckPackage (8 bytes)

VM state:not at safepoint (normal execution)

VM Mutex/Monitor currently owned by a thread: None

Heap address: 0x0000000741600000, size: 3050 MB, Compressed Oops mode: Zero based, Oop shift amount: 3
Narrow klass base: 0x0000000800000000, Narrow klass shift: 0
Compressed class space size: 1073741824 Address: 0x0000000800000000

Heap:
 garbage-first heap   total 236544K, used 105293K [0x0000000741600000, 0x0000000800000000)
  region size 1024K, 81 young (82944K), 14 survivors (14336K)
 Metaspace       used 57381K, capacity 58159K, committed 58396K, reserved 1101824K
  class space    used 6655K, capacity 6982K, committed 7036K, reserved 1048576K
Heap Regions: E=young(eden), S=young(survivor), O=old, HS=humongous(starts), HC=humongous(continues), CS=collection set, F=free, A=archive, TAMS=top-at-mark-start (previous, next)
|   0|0x0000000741600000, 0x0000000741700000, 0x0000000741700000|100%|HS|  |TAMS 0x0000000741700000, 0x0000000741600000| Complete 
|   1|0x0000000741700000, 0x0000000741800000, 0x0000000741800000|100%|HC|  |TAMS 0x0000000741800000, 0x0000000741700000| Complete 
|   2|0x0000000741800000, 0x0000000741900000, 0x0000000741900000|100%|HC|  |TAMS 0x0000000741900000, 0x0000000741800000| Complete 
|   3|0x0000000741900000, 0x0000000741a00000, 0x0000000741a00000|100%| O|  |TAMS 0x0000000741a00000, 0x0000000741900000| Untracked 
|   4|0x0000000741a00000, 0x0000000741b00000, 0x0000000741b00000|100%| O|  |TAMS 0x0000000741b00000, 0x0000000741a00000| Untracked 
|   5|0x0000000741b00000, 0x0000000741c00000, 0x0000000741c00000|100%|HS|  |TAMS 0x0000000741c00000, 0x0000000741b00000| Complete 
|   6|0x0000000741c00000, 0x0000000741d00000, 0x0000000741d00000|100%|HC|  |TAMS 0x0000000741d00000, 0x0000000741c00000| Complete 
|   7|0x0000000741d00000, 0x0000000741e00000, 0x0000000741e00000|100%|HC|  |TAMS 0x0000000741e00000, 0x0000000741d00000| Complete 
|   8|0x0000000741e00000, 0x0000000741f00000, 0x0000000741f00000|100%|HS|  |TAMS 0x0000000741f00000, 0x0000000741e00000| Complete 
|   9|0x0000000741f00000, 0x0000000742000000, 0x0000000742000000|100%|HC|  |TAMS 0x0000000742000000, 0x0000000741f00000| Complete 
|  10|0x0000000742000000, 0x0000000742100000, 0x0000000742100000|100%|HC|  |TAMS 0x0000000742100000, 0x0000000742000000| Complete 
|  11|0x0000000742100000, 0x0000000742200000, 0x0000000742200000|100%| O|  |TAMS 0x0000000742200000, 0x0000000742100000| Untracked 
|  12|0x0000000742200000, 0x0000000742300000, 0x0000000742300000|100%| O|  |TAMS 0x0000000742300000, 0x0000000742200000| Untracked 
|  13|0x0000000742300000, 0x0000000742400000, 0x0000000742400000|100%| O|  |TAMS 0x0000000742400000, 0x0000000742300000| Untracked 
|  14|0x0000000742400000, 0x0000000742500000, 0x0000000742500000|100%| O|  |TAMS 0x0000000742500000, 0x0000000742400000| Untracked 
|  15|0x0000000742500000, 0x0000000742500000, 0x0000000742600000|  0%| F|  |TAMS 0x0000000742500000, 0x0000000742500000| Untracked 
|  16|0x0000000742600000, 0x0000000742600000, 0x0000000742700000|  0%| F|  |TAMS 0x0000000742600000, 0x0000000742600000| Untracked 
|  17|0x0000000742700000, 0x0000000742800000, 0x0000000742800000|100%| O|  |TAMS 0x0000000742800000, 0x0000000742700000| Untracked 
|  18|0x0000000742800000, 0x0000000742900000, 0x0000000742900000|100%| O|  |TAMS 0x0000000742900000, 0x0000000742800000| Untracked 
|  19|0x0000000742900000, 0x0000000742a00000, 0x0000000742a00000|100%| O|  |TAMS 0x0000000742a00000, 0x0000000742900000| Untracked 
|  20|0x0000000742a00000, 0x0000000742b00000, 0x0000000742b00000|100%| O|  |TAMS 0x0000000742b00000, 0x0000000742a00000| Untracked 
|  21|0x0000000742b00000, 0x0000000742c00000, 0x0000000742c00000|100%| O|  |TAMS 0x0000000742c00000, 0x0000000742b00000| Untracked 
|  22|0x0000000742c00000, 0x0000000742d00000, 0x0000000742d00000|100%| O|  |TAMS 0x0000000742d00000, 0x0000000742c00000| Untracked 
|  23|0x0000000742d00000, 0x0000000742d89400, 0x0000000742e00000| 53%| O|  |TAMS 0x0000000742d89400, 0x0000000742d00000| Untracked 
|  24|0x0000000742e00000, 0x0000000742f00000, 0x0000000742f00000|100%|HS|  |TAMS 0x0000000742e00000, 0x0000000742e00000| Complete 
|  25|0x0000000742f00000, 0x0000000743000000, 0x0000000743000000|100%|HC|  |TAMS 0x0000000742f00000, 0x0000000742f00000| Complete 
|  26|0x0000000743000000, 0x0000000743000000, 0x0000000743100000|  0%| F|  |TAMS 0x0000000743000000, 0x0000000743000000| Untracked 
|  27|0x0000000743100000, 0x0000000743100000, 0x0000000743200000|  0%| F|  |TAMS 0x0000000743100000, 0x0000000743100000| Untracked 
|  28|0x0000000743200000, 0x0000000743200000, 0x0000000743300000|  0%| F|  |TAMS 0x0000000743200000, 0x0000000743200000| Untracked 
|  29|0x0000000743300000, 0x0000000743300000, 0x0000000743400000|  0%| F|  |TAMS 0x0000000743300000, 0x0000000743300000| Untracked 
|  30|0x0000000743400000, 0x0000000743400000, 0x0000000743500000|  0%| F|  |TAMS 0x0000000743400000, 0x0000000743400000| Untracked 
|  31|0x0000000743500000, 0x0000000743500000, 0x0000000743600000|  0%| F|  |TAMS 0x0000000743500000, 0x0000000743500000| Untracked 
|  32|0x0000000743600000, 0x0000000743600000, 0x0000000743700000|  0%| F|  |TAMS 0x0000000743600000, 0x0000000743600000| Untracked 
|  33|0x0000000743700000, 0x0000000743700000, 0x0000000743800000|  0%| F|  |TAMS 0x0000000743700000, 0x0000000743700000| Untracked 
|  34|0x0000000743800000, 0x0000000743800000, 0x0000000743900000|  0%| F|  |TAMS 0x0000000743800000, 0x0000000743800000| Untracked 
|  35|0x0000000743900000, 0x0000000743900000, 0x0000000743a00000|  0%| F|  |TAMS 0x0000000743900000, 0x0000000743900000| Untracked 
|  36|0x0000000743a00000, 0x0000000743a00000, 0x0000000743b00000|  0%| F|  |TAMS 0x0000000743a00000, 0x0000000743a00000| Untracked 
|  37|0x0000000743b00000, 0x0000000743b00000, 0x0000000743c00000|  0%| F|  |TAMS 0x0000000743b00000, 0x0000000743b00000| Untracked 
|  38|0x0000000743c00000, 0x0000000743c00000, 0x0000000743d00000|  0%| F|  |TAMS 0x0000000743c00000, 0x0000000743c00000| Untracked 
|  39|0x0000000743d00000, 0x0000000743d00000, 0x0000000743e00000|  0%| F|  |TAMS 0x0000000743d00000, 0x0000000743d00000| Untracked 
|  40|0x0000000743e00000, 0x0000000743e00000, 0x0000000743f00000|  0%| F|  |TAMS 0x0000000743e00000, 0x0000000743e00000| Untracked 
|  41|0x0000000743f00000, 0x0000000743f00000, 0x0000000744000000|  0%| F|  |TAMS 0x0000000743f00000, 0x0000000743f00000| Untracked 
|  42|0x0000000744000000, 0x0000000744000000, 0x0000000744100000|  0%| F|  |TAMS 0x0000000744000000, 0x0000000744000000| Untracked 
|  43|0x0000000744100000, 0x0000000744100000, 0x0000000744200000|  0%| F|  |TAMS 0x0000000744100000, 0x0000000744100000| Untracked 
|  44|0x0000000744200000, 0x0000000744200000, 0x0000000744300000|  0%| F|  |TAMS 0x0000000744200000, 0x0000000744200000| Untracked 
|  45|0x0000000744300000, 0x0000000744300000, 0x0000000744400000|  0%| F|  |TAMS 0x0000000744300000, 0x0000000744300000| Untracked 
|  46|0x0000000744400000, 0x0000000744400000, 0x0000000744500000|  0%| F|  |TAMS 0x0000000744400000, 0x0000000744400000| Untracked 
|  47|0x0000000744500000, 0x0000000744500000, 0x0000000744600000|  0%| F|  |TAMS 0x0000000744500000, 0x0000000744500000| Untracked 
|  48|0x0000000744600000, 0x0000000744600000, 0x0000000744700000|  0%| F|  |TAMS 0x0000000744600000, 0x0000000744600000| Untracked 
|  49|0x0000000744700000, 0x0000000744700000, 0x0000000744800000|  0%| F|  |TAMS 0x0000000744700000, 0x0000000744700000| Untracked 
|  50|0x0000000744800000, 0x0000000744800000, 0x0000000744900000|  0%| F|  |TAMS 0x0000000744800000, 0x0000000744800000| Untracked 
|  51|0x0000000744900000, 0x0000000744900000, 0x0000000744a00000|  0%| F|  |TAMS 0x0000000744900000, 0x0000000744900000| Untracked 
|  52|0x0000000744a00000, 0x0000000744a00000, 0x0000000744b00000|  0%| F|  |TAMS 0x0000000744a00000, 0x0000000744a00000| Untracked 
|  53|0x0000000744b00000, 0x0000000744b00000, 0x0000000744c00000|  0%| F|  |TAMS 0x0000000744b00000, 0x0000000744b00000| Untracked 
|  54|0x0000000744c00000, 0x0000000744c00000, 0x0000000744d00000|  0%| F|  |TAMS 0x0000000744c00000, 0x0000000744c00000| Untracked 
|  55|0x0000000744d00000, 0x0000000744d00000, 0x0000000744e00000|  0%| F|  |TAMS 0x0000000744d00000, 0x0000000744d00000| Untracked 
|  56|0x0000000744e00000, 0x0000000744e00000, 0x0000000744f00000|  0%| F|  |TAMS 0x0000000744e00000, 0x0000000744e00000| Untracked 
|  57|0x0000000744f00000, 0x0000000744f00000, 0x0000000745000000|  0%| F|  |TAMS 0x0000000744f00000, 0x0000000744f00000| Untracked 
|  58|0x0000000745000000, 0x0000000745000000, 0x0000000745100000|  0%| F|  |TAMS 0x0000000745000000, 0x0000000745000000| Untracked 
|  59|0x0000000745100000, 0x0000000745100000, 0x0000000745200000|  0%| F|  |TAMS 0x0000000745100000, 0x0000000745100000| Untracked 
|  60|0x0000000745200000, 0x0000000745200000, 0x0000000745300000|  0%| F|  |TAMS 0x0000000745200000, 0x0000000745200000| Untracked 
|  61|0x0000000745300000, 0x0000000745300000, 0x0000000745400000|  0%| F|  |TAMS 0x0000000745300000, 0x0000000745300000| Untracked 
|  62|0x0000000745400000, 0x0000000745400000, 0x0000000745500000|  0%| F|  |TAMS 0x0000000745400000, 0x0000000745400000| Untracked 
|  63|0x0000000745500000, 0x0000000745500000, 0x0000000745600000|  0%| F|  |TAMS 0x0000000745500000, 0x0000000745500000| Untracked 
|  64|0x0000000745600000, 0x0000000745600000, 0x0000000745700000|  0%| F|  |TAMS 0x0000000745600000, 0x0000000745600000| Untracked 
|  65|0x0000000745700000, 0x0000000745700000, 0x0000000745800000|  0%| F|  |TAMS 0x0000000745700000, 0x0000000745700000| Untracked 
|  66|0x0000000745800000, 0x0000000745800000, 0x0000000745900000|  0%| F|  |TAMS 0x0000000745800000, 0x0000000745800000| Untracked 
|  67|0x0000000745900000, 0x0000000745900000, 0x0000000745a00000|  0%| F|  |TAMS 0x0000000745900000, 0x0000000745900000| Untracked 
|  68|0x0000000745a00000, 0x0000000745a4a2c0, 0x0000000745b00000| 28%| S|CS|TAMS 0x0000000745a00000, 0x0000000745a00000| Complete 
|  69|0x0000000745b00000, 0x0000000745c00000, 0x0000000745c00000|100%| S|CS|TAMS 0x0000000745b00000, 0x0000000745b00000| Complete 
|  70|0x0000000745c00000, 0x0000000745d00000, 0x0000000745d00000|100%| S|CS|TAMS 0x0000000745c00000, 0x0000000745c00000| Complete 
|  71|0x0000000745d00000, 0x0000000745e00000, 0x0000000745e00000|100%| S|CS|TAMS 0x0000000745d00000, 0x0000000745d00000| Complete 
|  72|0x0000000745e00000, 0x0000000745f00000, 0x0000000745f00000|100%| S|CS|TAMS 0x0000000745e00000, 0x0000000745e00000| Complete 
|  73|0x0000000745f00000, 0x0000000746000000, 0x0000000746000000|100%| S|CS|TAMS 0x0000000745f00000, 0x0000000745f00000| Complete 
|  74|0x0000000746000000, 0x0000000746100000, 0x0000000746100000|100%| S|CS|TAMS 0x0000000746000000, 0x0000000746000000| Complete 
|  75|0x0000000746100000, 0x0000000746200000, 0x0000000746200000|100%| S|CS|TAMS 0x0000000746100000, 0x0000000746100000| Complete 
|  76|0x0000000746200000, 0x0000000746300000, 0x0000000746300000|100%| S|CS|TAMS 0x0000000746200000, 0x0000000746200000| Complete 
|  77|0x0000000746300000, 0x0000000746400000, 0x0000000746400000|100%| S|CS|TAMS 0x0000000746300000, 0x0000000746300000| Complete 
|  78|0x0000000746400000, 0x0000000746500000, 0x0000000746500000|100%| S|CS|TAMS 0x0000000746400000, 0x0000000746400000| Complete 
|  79|0x0000000746500000, 0x0000000746600000, 0x0000000746600000|100%| S|CS|TAMS 0x0000000746500000, 0x0000000746500000| Complete 
|  80|0x0000000746600000, 0x0000000746700000, 0x0000000746700000|100%| S|CS|TAMS 0x0000000746600000, 0x0000000746600000| Complete 
|  81|0x0000000746700000, 0x0000000746800000, 0x0000000746800000|100%| S|CS|TAMS 0x0000000746700000, 0x0000000746700000| Complete 
|  82|0x0000000746800000, 0x0000000746800000, 0x0000000746900000|  0%| F|  |TAMS 0x0000000746800000, 0x0000000746800000| Untracked 
|  83|0x0000000746900000, 0x0000000746900000, 0x0000000746a00000|  0%| F|  |TAMS 0x0000000746900000, 0x0000000746900000| Untracked 
|  84|0x0000000746a00000, 0x0000000746a00000, 0x0000000746b00000|  0%| F|  |TAMS 0x0000000746a00000, 0x0000000746a00000| Untracked 
|  85|0x0000000746b00000, 0x0000000746b00000, 0x0000000746c00000|  0%| F|  |TAMS 0x0000000746b00000, 0x0000000746b00000| Untracked 
|  86|0x0000000746c00000, 0x0000000746c00000, 0x0000000746d00000|  0%| F|  |TAMS 0x0000000746c00000, 0x0000000746c00000| Untracked 
|  87|0x0000000746d00000, 0x0000000746d00000, 0x0000000746e00000|  0%| F|  |TAMS 0x0000000746d00000, 0x0000000746d00000| Untracked 
|  88|0x0000000746e00000, 0x0000000746e00000, 0x0000000746f00000|  0%| F|  |TAMS 0x0000000746e00000, 0x0000000746e00000| Untracked 
|  89|0x0000000746f00000, 0x0000000746f00000, 0x0000000747000000|  0%| F|  |TAMS 0x0000000746f00000, 0x0000000746f00000| Untracked 
|  90|0x0000000747000000, 0x0000000747000000, 0x0000000747100000|  0%| F|  |TAMS 0x0000000747000000, 0x0000000747000000| Untracked 
|  91|0x0000000747100000, 0x0000000747100000, 0x0000000747200000|  0%| F|  |TAMS 0x0000000747100000, 0x0000000747100000| Untracked 
|  92|0x0000000747200000, 0x0000000747200000, 0x0000000747300000|  0%| F|  |TAMS 0x0000000747200000, 0x0000000747200000| Untracked 
|  93|0x0000000747300000, 0x0000000747300000, 0x0000000747400000|  0%| F|  |TAMS 0x0000000747300000, 0x0000000747300000| Untracked 
|  94|0x0000000747400000, 0x0000000747400000, 0x0000000747500000|  0%| F|  |TAMS 0x0000000747400000, 0x0000000747400000| Untracked 
|  95|0x0000000747500000, 0x0000000747500000, 0x0000000747600000|  0%| F|  |TAMS 0x0000000747500000, 0x0000000747500000| Untracked 
|  96|0x0000000747600000, 0x0000000747600000, 0x0000000747700000|  0%| F|  |TAMS 0x0000000747600000, 0x0000000747600000| Untracked 
|  97|0x0000000747700000, 0x0000000747700000, 0x0000000747800000|  0%| F|  |TAMS 0x0000000747700000, 0x0000000747700000| Untracked 
|  98|0x0000000747800000, 0x0000000747800000, 0x0000000747900000|  0%| F|  |TAMS 0x0000000747800000, 0x0000000747800000| Untracked 
|  99|0x0000000747900000, 0x0000000747900000, 0x0000000747a00000|  0%| F|  |TAMS 0x0000000747900000, 0x0000000747900000| Untracked 
| 100|0x0000000747a00000, 0x0000000747a00000, 0x0000000747b00000|  0%| F|  |TAMS 0x0000000747a00000, 0x0000000747a00000| Untracked 
| 101|0x0000000747b00000, 0x0000000747b00000, 0x0000000747c00000|  0%| F|  |TAMS 0x0000000747b00000, 0x0000000747b00000| Untracked 
| 102|0x0000000747c00000, 0x0000000747c00000, 0x0000000747d00000|  0%| F|  |TAMS 0x0000000747c00000, 0x0000000747c00000| Untracked 
| 103|0x0000000747d00000, 0x0000000747d00000, 0x0000000747e00000|  0%| F|  |TAMS 0x0000000747d00000, 0x0000000747d00000| Untracked 
| 104|0x0000000747e00000, 0x0000000747e00000, 0x0000000747f00000|  0%| F|  |TAMS 0x0000000747e00000, 0x0000000747e00000| Untracked 
| 105|0x0000000747f00000, 0x0000000747f00000, 0x0000000748000000|  0%| F|  |TAMS 0x0000000747f00000, 0x0000000747f00000| Untracked 
| 106|0x0000000748000000, 0x0000000748000000, 0x0000000748100000|  0%| F|  |TAMS 0x0000000748000000, 0x0000000748000000| Untracked 
| 107|0x0000000748100000, 0x0000000748100000, 0x0000000748200000|  0%| F|  |TAMS 0x0000000748100000, 0x0000000748100000| Untracked 
| 108|0x0000000748200000, 0x0000000748200000, 0x0000000748300000|  0%| F|  |TAMS 0x0000000748200000, 0x0000000748200000| Untracked 
| 109|0x0000000748300000, 0x0000000748300000, 0x0000000748400000|  0%| F|  |TAMS 0x0000000748300000, 0x0000000748300000| Untracked 
| 110|0x0000000748400000, 0x0000000748400000, 0x0000000748500000|  0%| F|  |TAMS 0x0000000748400000, 0x0000000748400000| Untracked 
| 111|0x0000000748500000, 0x0000000748500000, 0x0000000748600000|  0%| F|  |TAMS 0x0000000748500000, 0x0000000748500000| Untracked 
| 112|0x0000000748600000, 0x0000000748600000, 0x0000000748700000|  0%| F|  |TAMS 0x0000000748600000, 0x0000000748600000| Untracked 
| 113|0x0000000748700000, 0x0000000748700000, 0x0000000748800000|  0%| F|  |TAMS 0x0000000748700000, 0x0000000748700000| Untracked 
| 114|0x0000000748800000, 0x0000000748800000, 0x0000000748900000|  0%| F|  |TAMS 0x0000000748800000, 0x0000000748800000| Untracked 
| 115|0x0000000748900000, 0x0000000748900000, 0x0000000748a00000|  0%| F|  |TAMS 0x0000000748900000, 0x0000000748900000| Untracked 
| 116|0x0000000748a00000, 0x0000000748a00000, 0x0000000748b00000|  0%| F|  |TAMS 0x0000000748a00000, 0x0000000748a00000| Untracked 
| 117|0x0000000748b00000, 0x0000000748b00000, 0x0000000748c00000|  0%| F|  |TAMS 0x0000000748b00000, 0x0000000748b00000| Untracked 
| 118|0x0000000748c00000, 0x0000000748c00000, 0x0000000748d00000|  0%| F|  |TAMS 0x0000000748c00000, 0x0000000748c00000| Untracked 
| 119|0x0000000748d00000, 0x0000000748d00000, 0x0000000748e00000|  0%| F|  |TAMS 0x0000000748d00000, 0x0000000748d00000| Untracked 
| 120|0x0000000748e00000, 0x0000000748e00000, 0x0000000748f00000|  0%| F|  |TAMS 0x0000000748e00000, 0x0000000748e00000| Untracked 
| 121|0x0000000748f00000, 0x0000000748f00000, 0x0000000749000000|  0%| F|  |TAMS 0x0000000748f00000, 0x0000000748f00000| Untracked 
| 122|0x0000000749000000, 0x0000000749000000, 0x0000000749100000|  0%| F|  |TAMS 0x0000000749000000, 0x0000000749000000| Untracked 
| 123|0x0000000749100000, 0x0000000749100000, 0x0000000749200000|  0%| F|  |TAMS 0x0000000749100000, 0x0000000749100000| Untracked 
| 124|0x0000000749200000, 0x0000000749200000, 0x0000000749300000|  0%| F|  |TAMS 0x0000000749200000, 0x0000000749200000| Untracked 
| 125|0x0000000749300000, 0x0000000749300000, 0x0000000749400000|  0%| F|  |TAMS 0x0000000749300000, 0x0000000749300000| Untracked 
| 126|0x0000000749400000, 0x0000000749400000, 0x0000000749500000|  0%| F|  |TAMS 0x0000000749400000, 0x0000000749400000| Untracked 
| 127|0x0000000749500000, 0x0000000749500000, 0x0000000749600000|  0%| F|  |TAMS 0x0000000749500000, 0x0000000749500000| Untracked 
| 128|0x0000000749600000, 0x0000000749600000, 0x0000000749700000|  0%| F|  |TAMS 0x0000000749600000, 0x0000000749600000| Untracked 
| 129|0x0000000749700000, 0x0000000749700000, 0x0000000749800000|  0%| F|  |TAMS 0x0000000749700000, 0x0000000749700000| Untracked 
| 130|0x0000000749800000, 0x0000000749800000, 0x0000000749900000|  0%| F|  |TAMS 0x0000000749800000, 0x0000000749800000| Untracked 
| 131|0x0000000749900000, 0x0000000749900000, 0x0000000749a00000|  0%| F|  |TAMS 0x0000000749900000, 0x0000000749900000| Untracked 
| 132|0x0000000749a00000, 0x0000000749a00000, 0x0000000749b00000|  0%| F|  |TAMS 0x0000000749a00000, 0x0000000749a00000| Untracked 
| 133|0x0000000749b00000, 0x0000000749b00000, 0x0000000749c00000|  0%| F|  |TAMS 0x0000000749b00000, 0x0000000749b00000| Untracked 
| 134|0x0000000749c00000, 0x0000000749c00000, 0x0000000749d00000|  0%| F|  |TAMS 0x0000000749c00000, 0x0000000749c00000| Untracked 
| 135|0x0000000749d00000, 0x0000000749d00000, 0x0000000749e00000|  0%| F|  |TAMS 0x0000000749d00000, 0x0000000749d00000| Untracked 
| 136|0x0000000749e00000, 0x0000000749e00000, 0x0000000749f00000|  0%| F|  |TAMS 0x0000000749e00000, 0x0000000749e00000| Untracked 
| 137|0x0000000749f00000, 0x0000000749f00000, 0x000000074a000000|  0%| F|  |TAMS 0x0000000749f00000, 0x0000000749f00000| Untracked 
| 138|0x000000074a000000, 0x000000074a000000, 0x000000074a100000|  0%| F|  |TAMS 0x000000074a000000, 0x000000074a000000| Untracked 
| 139|0x000000074a100000, 0x000000074a100000, 0x000000074a200000|  0%| F|  |TAMS 0x000000074a100000, 0x000000074a100000| Untracked 
| 140|0x000000074a200000, 0x000000074a200000, 0x000000074a300000|  0%| F|  |TAMS 0x000000074a200000, 0x000000074a200000| Untracked 
| 141|0x000000074a300000, 0x000000074a300000, 0x000000074a400000|  0%| F|  |TAMS 0x000000074a300000, 0x000000074a300000| Untracked 
| 142|0x000000074a400000, 0x000000074a400000, 0x000000074a500000|  0%| F|  |TAMS 0x000000074a400000, 0x000000074a400000| Untracked 
| 143|0x000000074a500000, 0x000000074a500000, 0x000000074a600000|  0%| F|  |TAMS 0x000000074a500000, 0x000000074a500000| Untracked 
| 144|0x000000074a600000, 0x000000074a600000, 0x000000074a700000|  0%| F|  |TAMS 0x000000074a600000, 0x000000074a600000| Untracked 
| 145|0x000000074a700000, 0x000000074a700000, 0x000000074a800000|  0%| F|  |TAMS 0x000000074a700000, 0x000000074a700000| Untracked 
| 146|0x000000074a800000, 0x000000074a800000, 0x000000074a900000|  0%| F|  |TAMS 0x000000074a800000, 0x000000074a800000| Untracked 
| 147|0x000000074a900000, 0x000000074a900000, 0x000000074aa00000|  0%| F|  |TAMS 0x000000074a900000, 0x000000074a900000| Untracked 
| 148|0x000000074aa00000, 0x000000074aa00000, 0x000000074ab00000|  0%| F|  |TAMS 0x000000074aa00000, 0x000000074aa00000| Untracked 
| 149|0x000000074ab00000, 0x000000074ab00000, 0x000000074ac00000|  0%| F|  |TAMS 0x000000074ab00000, 0x000000074ab00000| Untracked 
| 150|0x000000074ac00000, 0x000000074ac00000, 0x000000074ad00000|  0%| F|  |TAMS 0x000000074ac00000, 0x000000074ac00000| Untracked 
| 151|0x000000074ad00000, 0x000000074ad00000, 0x000000074ae00000|  0%| F|  |TAMS 0x000000074ad00000, 0x000000074ad00000| Untracked 
| 152|0x000000074ae00000, 0x000000074ae00000, 0x000000074af00000|  0%| F|  |TAMS 0x000000074ae00000, 0x000000074ae00000| Untracked 
| 153|0x000000074af00000, 0x000000074af00000, 0x000000074b000000|  0%| F|  |TAMS 0x000000074af00000, 0x000000074af00000| Untracked 
| 154|0x000000074b000000, 0x000000074b000000, 0x000000074b100000|  0%| F|  |TAMS 0x000000074b000000, 0x000000074b000000| Untracked 
| 155|0x000000074b100000, 0x000000074b100000, 0x000000074b200000|  0%| F|  |TAMS 0x000000074b100000, 0x000000074b100000| Untracked 
| 156|0x000000074b200000, 0x000000074b200000, 0x000000074b300000|  0%| F|  |TAMS 0x000000074b200000, 0x000000074b200000| Untracked 
| 157|0x000000074b300000, 0x000000074b300000, 0x000000074b400000|  0%| F|  |TAMS 0x000000074b300000, 0x000000074b300000| Untracked 
| 158|0x000000074b400000, 0x000000074b400000, 0x000000074b500000|  0%| F|  |TAMS 0x000000074b400000, 0x000000074b400000| Untracked 
| 159|0x000000074b500000, 0x000000074b500000, 0x000000074b600000|  0%| F|  |TAMS 0x000000074b500000, 0x000000074b500000| Untracked 
| 160|0x000000074b600000, 0x000000074b600000, 0x000000074b700000|  0%| F|  |TAMS 0x000000074b600000, 0x000000074b600000| Untracked 
| 161|0x000000074b700000, 0x000000074b700000, 0x000000074b800000|  0%| F|  |TAMS 0x000000074b700000, 0x000000074b700000| Untracked 
| 162|0x000000074b800000, 0x000000074b800000, 0x000000074b900000|  0%| F|  |TAMS 0x000000074b800000, 0x000000074b800000| Untracked 
| 163|0x000000074b900000, 0x000000074b900000, 0x000000074ba00000|  0%| F|  |TAMS 0x000000074b900000, 0x000000074b900000| Untracked 
| 164|0x000000074ba00000, 0x000000074bb00000, 0x000000074bb00000|100%| E|  |TAMS 0x000000074ba00000, 0x000000074ba00000| Complete 
| 165|0x000000074bb00000, 0x000000074bc00000, 0x000000074bc00000|100%| E|CS|TAMS 0x000000074bb00000, 0x000000074bb00000| Complete 
| 166|0x000000074bc00000, 0x000000074bd00000, 0x000000074bd00000|100%| E|CS|TAMS 0x000000074bc00000, 0x000000074bc00000| Complete 
| 167|0x000000074bd00000, 0x000000074be00000, 0x000000074be00000|100%| E|CS|TAMS 0x000000074bd00000, 0x000000074bd00000| Complete 
| 168|0x000000074be00000, 0x000000074bf00000, 0x000000074bf00000|100%| E|CS|TAMS 0x000000074be00000, 0x000000074be00000| Complete 
| 169|0x000000074bf00000, 0x000000074c000000, 0x000000074c000000|100%| E|CS|TAMS 0x000000074bf00000, 0x000000074bf00000| Complete 
| 170|0x000000074c000000, 0x000000074c100000, 0x000000074c100000|100%| E|CS|TAMS 0x000000074c000000, 0x000000074c000000| Complete 
| 171|0x000000074c100000, 0x000000074c200000, 0x000000074c200000|100%| E|CS|TAMS 0x000000074c100000, 0x000000074c100000| Complete 
| 172|0x000000074c200000, 0x000000074c300000, 0x000000074c300000|100%| E|CS|TAMS 0x000000074c200000, 0x000000074c200000| Complete 
| 173|0x000000074c300000, 0x000000074c400000, 0x000000074c400000|100%| E|CS|TAMS 0x000000074c300000, 0x000000074c300000| Complete 
| 174|0x000000074c400000, 0x000000074c500000, 0x000000074c500000|100%| E|CS|TAMS 0x000000074c400000, 0x000000074c400000| Complete 
| 175|0x000000074c500000, 0x000000074c600000, 0x000000074c600000|100%| E|CS|TAMS 0x000000074c500000, 0x000000074c500000| Complete 
| 176|0x000000074c600000, 0x000000074c700000, 0x000000074c700000|100%| E|CS|TAMS 0x000000074c600000, 0x000000074c600000| Complete 
| 177|0x000000074c700000, 0x000000074c800000, 0x000000074c800000|100%| E|CS|TAMS 0x000000074c700000, 0x000000074c700000| Complete 
| 178|0x000000074c800000, 0x000000074c900000, 0x000000074c900000|100%| E|CS|TAMS 0x000000074c800000, 0x000000074c800000| Complete 
| 179|0x000000074c900000, 0x000000074ca00000, 0x000000074ca00000|100%| E|CS|TAMS 0x000000074c900000, 0x000000074c900000| Complete 
| 180|0x000000074ca00000, 0x000000074cb00000, 0x000000074cb00000|100%| E|CS|TAMS 0x000000074ca00000, 0x000000074ca00000| Complete 
| 181|0x000000074cb00000, 0x000000074cc00000, 0x000000074cc00000|100%| E|CS|TAMS 0x000000074cb00000, 0x000000074cb00000| Complete 
| 182|0x000000074cc00000, 0x000000074cd00000, 0x000000074cd00000|100%| E|CS|TAMS 0x000000074cc00000, 0x000000074cc00000| Complete 
| 183|0x000000074cd00000, 0x000000074ce00000, 0x000000074ce00000|100%| E|CS|TAMS 0x000000074cd00000, 0x000000074cd00000| Complete 
| 184|0x000000074ce00000, 0x000000074cf00000, 0x000000074cf00000|100%| E|CS|TAMS 0x000000074ce00000, 0x000000074ce00000| Complete 
| 185|0x000000074cf00000, 0x000000074d000000, 0x000000074d000000|100%| E|CS|TAMS 0x000000074cf00000, 0x000000074cf00000| Complete 
| 186|0x000000074d000000, 0x000000074d100000, 0x000000074d100000|100%| E|CS|TAMS 0x000000074d000000, 0x000000074d000000| Complete 
| 187|0x000000074d100000, 0x000000074d200000, 0x000000074d200000|100%| E|CS|TAMS 0x000000074d100000, 0x000000074d100000| Complete 
| 188|0x000000074d200000, 0x000000074d300000, 0x000000074d300000|100%| E|CS|TAMS 0x000000074d200000, 0x000000074d200000| Complete 
| 189|0x000000074d300000, 0x000000074d400000, 0x000000074d400000|100%| E|CS|TAMS 0x000000074d300000, 0x000000074d300000| Complete 
| 190|0x000000074d400000, 0x000000074d500000, 0x000000074d500000|100%| E|CS|TAMS 0x000000074d400000, 0x000000074d400000| Complete 
| 191|0x000000074d500000, 0x000000074d600000, 0x000000074d600000|100%| E|CS|TAMS 0x000000074d500000, 0x000000074d500000| Complete 
| 192|0x000000074d600000, 0x000000074d700000, 0x000000074d700000|100%| E|CS|TAMS 0x000000074d600000, 0x000000074d600000| Complete 
| 193|0x000000074d700000, 0x000000074d800000, 0x000000074d800000|100%| E|CS|TAMS 0x000000074d700000, 0x000000074d700000| Complete 
| 194|0x000000074d800000, 0x000000074d900000, 0x000000074d900000|100%| E|CS|TAMS 0x000000074d800000, 0x000000074d800000| Complete 
| 195|0x000000074d900000, 0x000000074da00000, 0x000000074da00000|100%| E|CS|TAMS 0x000000074d900000, 0x000000074d900000| Complete 
| 196|0x000000074da00000, 0x000000074db00000, 0x000000074db00000|100%| E|CS|TAMS 0x000000074da00000, 0x000000074da00000| Complete 
| 197|0x000000074db00000, 0x000000074dc00000, 0x000000074dc00000|100%| E|CS|TAMS 0x000000074db00000, 0x000000074db00000| Complete 
| 198|0x000000074dc00000, 0x000000074dd00000, 0x000000074dd00000|100%| E|CS|TAMS 0x000000074dc00000, 0x000000074dc00000| Complete 
| 199|0x000000074dd00000, 0x000000074de00000, 0x000000074de00000|100%| E|CS|TAMS 0x000000074dd00000, 0x000000074dd00000| Complete 
| 200|0x000000074de00000, 0x000000074df00000, 0x000000074df00000|100%| E|CS|TAMS 0x000000074de00000, 0x000000074de00000| Complete 
| 201|0x000000074df00000, 0x000000074e000000, 0x000000074e000000|100%| E|CS|TAMS 0x000000074df00000, 0x000000074df00000| Complete 
| 202|0x000000074e000000, 0x000000074e100000, 0x000000074e100000|100%| E|CS|TAMS 0x000000074e000000, 0x000000074e000000| Complete 
| 203|0x000000074e100000, 0x000000074e200000, 0x000000074e200000|100%| E|CS|TAMS 0x000000074e100000, 0x000000074e100000| Complete 
| 204|0x000000074e200000, 0x000000074e300000, 0x000000074e300000|100%| E|CS|TAMS 0x000000074e200000, 0x000000074e200000| Complete 
| 205|0x000000074e300000, 0x000000074e400000, 0x000000074e400000|100%| E|CS|TAMS 0x000000074e300000, 0x000000074e300000| Complete 
| 206|0x000000074e400000, 0x000000074e500000, 0x000000074e500000|100%| E|CS|TAMS 0x000000074e400000, 0x000000074e400000| Complete 
| 207|0x000000074e500000, 0x000000074e600000, 0x000000074e600000|100%| E|CS|TAMS 0x000000074e500000, 0x000000074e500000| Complete 
| 208|0x000000074e600000, 0x000000074e700000, 0x000000074e700000|100%| E|CS|TAMS 0x000000074e600000, 0x000000074e600000| Complete 
| 209|0x000000074e700000, 0x000000074e800000, 0x000000074e800000|100%| E|CS|TAMS 0x000000074e700000, 0x000000074e700000| Complete 
| 210|0x000000074e800000, 0x000000074e900000, 0x000000074e900000|100%| E|CS|TAMS 0x000000074e800000, 0x000000074e800000| Complete 
| 211|0x000000074e900000, 0x000000074ea00000, 0x000000074ea00000|100%| E|CS|TAMS 0x000000074e900000, 0x000000074e900000| Complete 
| 212|0x000000074ea00000, 0x000000074eb00000, 0x000000074eb00000|100%| E|CS|TAMS 0x000000074ea00000, 0x000000074ea00000| Complete 
| 213|0x000000074eb00000, 0x000000074ec00000, 0x000000074ec00000|100%| E|CS|TAMS 0x000000074eb00000, 0x000000074eb00000| Complete 
| 214|0x000000074ec00000, 0x000000074ed00000, 0x000000074ed00000|100%| E|CS|TAMS 0x000000074ec00000, 0x000000074ec00000| Complete 
| 215|0x000000074ed00000, 0x000000074ee00000, 0x000000074ee00000|100%| E|CS|TAMS 0x000000074ed00000, 0x000000074ed00000| Complete 
| 216|0x000000074ee00000, 0x000000074ef00000, 0x000000074ef00000|100%| E|CS|TAMS 0x000000074ee00000, 0x000000074ee00000| Complete 
| 217|0x000000074ef00000, 0x000000074f000000, 0x000000074f000000|100%| E|CS|TAMS 0x000000074ef00000, 0x000000074ef00000| Complete 
| 218|0x000000074f000000, 0x000000074f100000, 0x000000074f100000|100%| E|CS|TAMS 0x000000074f000000, 0x000000074f000000| Complete 
| 219|0x000000074f100000, 0x000000074f200000, 0x000000074f200000|100%| E|CS|TAMS 0x000000074f100000, 0x000000074f100000| Complete 
| 220|0x000000074f200000, 0x000000074f300000, 0x000000074f300000|100%| E|CS|TAMS 0x000000074f200000, 0x000000074f200000| Complete 
| 221|0x000000074f300000, 0x000000074f400000, 0x000000074f400000|100%| E|CS|TAMS 0x000000074f300000, 0x000000074f300000| Complete 
| 222|0x000000074f400000, 0x000000074f500000, 0x000000074f500000|100%| E|CS|TAMS 0x000000074f400000, 0x000000074f400000| Complete 
| 223|0x000000074f500000, 0x000000074f600000, 0x000000074f600000|100%| E|CS|TAMS 0x000000074f500000, 0x000000074f500000| Complete 
| 224|0x000000074f600000, 0x000000074f700000, 0x000000074f700000|100%| E|CS|TAMS 0x000000074f600000, 0x000000074f600000| Complete 
| 225|0x000000074f700000, 0x000000074f800000, 0x000000074f800000|100%| E|CS|TAMS 0x000000074f700000, 0x000000074f700000| Complete 
| 226|0x000000074f800000, 0x000000074f900000, 0x000000074f900000|100%| E|CS|TAMS 0x000000074f800000, 0x000000074f800000| Complete 
| 227|0x000000074f900000, 0x000000074fa00000, 0x000000074fa00000|100%| E|CS|TAMS 0x000000074f900000, 0x000000074f900000| Complete 
| 228|0x000000074fa00000, 0x000000074fb00000, 0x000000074fb00000|100%| E|CS|TAMS 0x000000074fa00000, 0x000000074fa00000| Complete 
| 229|0x000000074fb00000, 0x000000074fc00000, 0x000000074fc00000|100%| E|CS|TAMS 0x000000074fb00000, 0x000000074fb00000| Complete 
| 230|0x000000074fc00000, 0x000000074fd00000, 0x000000074fd00000|100%| E|CS|TAMS 0x000000074fc00000, 0x000000074fc00000| Complete 

Card table byte_map: [0x00000132f3980000,0x00000132f3f80000] _byte_map_base: 0x00000132eff75000

Marking Bits (Prev, Next): (CMBitMap*) 0x00000132ef28c4c8, (CMBitMap*) 0x00000132ef28c500
 Prev Bits: [0x00000132f4580000, 0x00000132f7528000)
 Next Bits: [0x00000132f7530000, 0x00000132fa4d8000)

Polling page: 0x00000132ed9b0000

Metaspace:

Usage:
  Non-class:     50.11 MB capacity,    49.63 MB (>99%) used,   400.28 KB ( <1%) free+waste,    93.31 KB ( <1%) overhead. 
      Class:      6.82 MB capacity,     6.51 MB ( 95%) used,   281.34 KB (  4%) free+waste,    41.56 KB ( <1%) overhead. 
       Both:     56.93 MB capacity,    56.13 MB ( 99%) used,   681.63 KB (  1%) free+waste,   134.88 KB ( <1%) overhead. 

Virtual space:
  Non-class space:       52.00 MB reserved,      50.16 MB ( 96%) committed 
      Class space:        1.00 GB reserved,       6.87 MB ( <1%) committed 
             Both:        1.05 GB reserved,      57.03 MB (  5%) committed 

Chunk freelists:
   Non-Class:  49.00 KB
       Class:  23.00 KB
        Both:  72.00 KB

MaxMetaspaceSize: 17179869184.00 GB
CompressedClassSpaceSize: 1.00 GB
Initial GC threshold: 20.80 MB
Current GC threshold: 59.21 MB
CDS: off

CodeHeap 'non-profiled nmethods': size=120064Kb used=2700Kb max_used=2700Kb free=117363Kb
 bounds [0x0000013287ac0000, 0x0000013287d70000, 0x000001328f000000]
CodeHeap 'profiled nmethods': size=120000Kb used=15388Kb max_used=15388Kb free=104611Kb
 bounds [0x0000013280590000, 0x00000132814a0000, 0x0000013287ac0000]
CodeHeap 'non-nmethods': size=5696Kb used=1291Kb max_used=1324Kb free=4404Kb
 bounds [0x0000013280000000, 0x0000013280270000, 0x0000013280590000]
 total_blobs=6716 nmethods=6152 adapters=474
 compilation: enabled
              stopped_count=0, restarted_count=0
 full_count=0

Compilation events (20 events):
Event: 8.760 Thread 0x00000132fd39b800 6191       3       org.jetbrains.kotlin.com.intellij.psi.stubs.MostlyUShortIntList::add (38 bytes)
Event: 8.761 Thread 0x00000132fd39b800 nmethod 6191 0x0000013281487b90 code [0x0000013281487e00, 0x00000132814885e8]
Event: 8.761 Thread 0x00000132fd39b800 6192       3       org.jetbrains.kotlin.com.intellij.psi.stubs.StubList::getChildrenStorage (25 bytes)
Event: 8.761 Thread 0x00000132fd39b800 nmethod 6192 0x0000013281488910 code [0x0000013281488ac0, 0x0000013281488c78]
Event: 8.761 Thread 0x00000132fd39b800 6193       3       org.jetbrains.kotlin.com.intellij.psi.stubs.StubList::getChildrenCount (12 bytes)
Event: 8.762 Thread 0x00000132fd39b800 nmethod 6193 0x0000013281488d10 code [0x0000013281488f00, 0x00000132814893a8]
Event: 8.762 Thread 0x00000132fd39b800 6194       3       org.jetbrains.kotlin.com.intellij.util.containers.UnsignedShortArrayList::ensureCapacity (57 bytes)
Event: 8.762 Thread 0x00000132fd39b800 nmethod 6194 0x0000013281489610 code [0x00000132814897e0, 0x0000013281489b48]
Event: 8.762 Thread 0x00000132fd39b800 6195       3       java.util.AbstractList::listIterator (15 bytes)
Event: 8.763 Thread 0x00000132fd39b800 nmethod 6195 0x0000013281489c90 code [0x0000013281489ea0, 0x000001328148a4e8]
Event: 8.763 Thread 0x00000132fd39b800 6196       3       org.jetbrains.kotlin.com.intellij.psi.stubs.MaterialStubList::size (8 bytes)
Event: 8.763 Thread 0x00000132fd39b800 nmethod 6196 0x000001328148a710 code [0x000001328148a8c0, 0x000001328148aa78]
Event: 8.763 Thread 0x00000132fd39b800 6197       3       org.jetbrains.kotlin.com.intellij.psi.stubs.StubList::childrenStartIndex (6 bytes)
Event: 8.763 Thread 0x00000132fd39b800 nmethod 6197 0x000001328148ab10 code [0x000001328148acc0, 0x000001328148adb8]
Event: 8.767 Thread 0x00000132fd394000 nmethod 6176 0x0000013287d5f590 code [0x0000013287d5f840, 0x0000013287d62180]
Event: 8.767 Thread 0x00000132fd394000 6180   !   4       jdk.internal.loader.Resource::getBytes (242 bytes)
Event: 8.771 Thread 0x00000132fd39b800 6198       3       org.jetbrains.kotlin.com.intellij.openapi.vfs.local.CoreLocalVirtualFile::<init> (42 bytes)
Event: 8.772 Thread 0x00000132fd39b800 nmethod 6198 0x000001328148ae90 code [0x000001328148b0c0, 0x000001328148b908]
Event: 8.772 Thread 0x00000132fd39b800 6199       3       org.jetbrains.kotlin.com.intellij.util.CachedValueBase::getRawData (11 bytes)
Event: 8.773 Thread 0x00000132fd39b800 nmethod 6199 0x000001328148bb90 code [0x000001328148bd60, 0x000001328148c1d8]

GC Heap History (10 events):
Event: 0.563 GC heap before
{Heap before GC invocations=0 (full 0):
 garbage-first heap   total 196608K, used 17408K [0x0000000741600000, 0x0000000800000000)
  region size 1024K, 14 young (14336K), 0 survivors (0K)
 Metaspace       used 9755K, capacity 9871K, committed 10112K, reserved 1058816K
  class space    used 827K, capacity 884K, committed 896K, reserved 1048576K
}
Event: 0.567 GC heap after
{Heap after GC invocations=1 (full 0):
 garbage-first heap   total 196608K, used 5198K [0x0000000741600000, 0x0000000800000000)
  region size 1024K, 2 young (2048K), 2 survivors (2048K)
 Metaspace       used 9755K, capacity 9871K, committed 10112K, reserved 1058816K
  class space    used 827K, capacity 884K, committed 896K, reserved 1048576K
}
Event: 1.744 GC heap before
{Heap before GC invocations=1 (full 0):
 garbage-first heap   total 196608K, used 52302K [0x0000000741600000, 0x0000000800000000)
  region size 1024K, 49 young (50176K), 2 survivors (2048K)
 Metaspace       used 20986K, capacity 21182K, committed 21248K, reserved 1069056K
  class space    used 2226K, capacity 2291K, committed 2304K, reserved 1048576K
}
Event: 1.761 GC heap after
{Heap after GC invocations=2 (full 0):
 garbage-first heap   total 196608K, used 9510K [0x0000000741600000, 0x0000000800000000)
  region size 1024K, 7 young (7168K), 7 survivors (7168K)
 Metaspace       used 20986K, capacity 21182K, committed 21248K, reserved 1069056K
  class space    used 2226K, capacity 2291K, committed 2304K, reserved 1048576K
}
Event: 3.116 GC heap before
{Heap before GC invocations=3 (full 0):
 garbage-first heap   total 196608K, used 71974K [0x0000000741600000, 0x0000000800000000)
  region size 1024K, 56 young (57344K), 7 survivors (7168K)
 Metaspace       used 30754K, capacity 31266K, committed 31612K, reserved 1077248K
  class space    used 3624K, capacity 3832K, committed 3964K, reserved 1048576K
}
Event: 3.136 GC heap after
{Heap after GC invocations=4 (full 0):
 garbage-first heap   total 196608K, used 24472K [0x0000000741600000, 0x0000000800000000)
  region size 1024K, 7 young (7168K), 7 survivors (7168K)
 Metaspace       used 30754K, capacity 31266K, committed 31612K, reserved 1077248K
  class space    used 3624K, capacity 3832K, committed 3964K, reserved 1048576K
}
Event: 3.691 GC heap before
{Heap before GC invocations=4 (full 0):
 garbage-first heap   total 196608K, used 47000K [0x0000000741600000, 0x0000000800000000)
  region size 1024K, 30 young (30720K), 7 survivors (7168K)
 Metaspace       used 35207K, capacity 35747K, committed 35964K, reserved 1081344K
  class space    used 4112K, capacity 4323K, committed 4476K, reserved 1048576K
}
Event: 3.704 GC heap after
{Heap after GC invocations=5 (full 0):
 garbage-first heap   total 196608K, used 24942K [0x0000000741600000, 0x0000000800000000)
  region size 1024K, 3 young (3072K), 3 survivors (3072K)
 Metaspace       used 35207K, capacity 35747K, committed 35964K, reserved 1081344K
  class space    used 4112K, capacity 4323K, committed 4476K, reserved 1048576K
}
Event: 6.573 GC heap before
{Heap before GC invocations=6 (full 0):
 garbage-first heap   total 196608K, used 137582K [0x0000000741600000, 0x0000000800000000)
  region size 1024K, 110 young (112640K), 3 survivors (3072K)
 Metaspace       used 52279K, capacity 53001K, committed 53148K, reserved 1095680K
  class space    used 6045K, capacity 6326K, committed 6396K, reserved 1048576K
}
Event: 6.598 GC heap after
{Heap after GC invocations=7 (full 0):
 garbage-first heap   total 236544K, used 37709K [0x0000000741600000, 0x0000000800000000)
  region size 1024K, 14 young (14336K), 14 survivors (14336K)
 Metaspace       used 52279K, capacity 53001K, committed 53148K, reserved 1095680K
  class space    used 6045K, capacity 6326K, committed 6396K, reserved 1048576K
}

Deoptimization events (20 events):
Event: 8.661 Thread 0x00000132ef23b800 Uncommon trap: trap_request=0xffffffc6 fr.pc=0x0000013287d35a78 relative=0x00000000000000b8
Event: 8.661 Thread 0x00000132ef23b800 Uncommon trap: reason=bimorphic_or_optimized_type_check action=maybe_recompile pc=0x0000013287d35a78 method=org.jetbrains.kotlin.types.DelegatingSimpleType.getArguments()Ljava/util/List; @ 4 c2
Event: 8.661 Thread 0x00000132ef23b800 DEOPT PACKING pc=0x0000013287d35a78 sp=0x00000016e66fcdf0
Event: 8.661 Thread 0x00000132ef23b800 DEOPT UNPACKING pc=0x000001328004a1af sp=0x00000016e66fcd80 mode 2
Event: 8.749 Thread 0x00000132ef23b800 Uncommon trap: trap_request=0xffffff4d fr.pc=0x0000013287c7dc30 relative=0x0000000000002770
Event: 8.749 Thread 0x00000132ef23b800 Uncommon trap: reason=unstable_if action=reinterpret pc=0x0000013287c7dc30 method=org.jetbrains.org.objectweb.asm.ClassReader.readMethod(Lorg/jetbrains/org/objectweb/asm/ClassVisitor;Lorg/jetbrains/org/objectweb/asm/Context;I)I @ 151 c2
Event: 8.749 Thread 0x00000132ef23b800 DEOPT PACKING pc=0x0000013287c7dc30 sp=0x00000016e66fa190
Event: 8.749 Thread 0x00000132ef23b800 DEOPT UNPACKING pc=0x000001328004a1af sp=0x00000016e66fa118 mode 2
Event: 8.782 Thread 0x00000132ef23b800 Uncommon trap: trap_request=0xffffffc6 fr.pc=0x0000013287bfa744 relative=0x0000000000000084
Event: 8.782 Thread 0x00000132ef23b800 Uncommon trap: reason=bimorphic_or_optimized_type_check action=maybe_recompile pc=0x0000013287bfa744 method=gnu.trove.TIntObjectHashMap.index(I)I @ 28 c2
Event: 8.782 Thread 0x00000132ef23b800 DEOPT PACKING pc=0x0000013287bfa744 sp=0x00000016e66f9fd0
Event: 8.782 Thread 0x00000132ef23b800 DEOPT UNPACKING pc=0x000001328004a1af sp=0x00000016e66f9f38 mode 2
Event: 8.782 Thread 0x00000132ef23b800 Uncommon trap: trap_request=0xffffffc6 fr.pc=0x0000013287bfa744 relative=0x0000000000000084
Event: 8.782 Thread 0x00000132ef23b800 Uncommon trap: reason=bimorphic_or_optimized_type_check action=maybe_recompile pc=0x0000013287bfa744 method=gnu.trove.TIntObjectHashMap.index(I)I @ 28 c2
Event: 8.782 Thread 0x00000132ef23b800 DEOPT PACKING pc=0x0000013287bfa744 sp=0x00000016e66fa040
Event: 8.782 Thread 0x00000132ef23b800 DEOPT UNPACKING pc=0x000001328004a1af sp=0x00000016e66f9fa8 mode 2
Event: 8.787 Thread 0x00000132ef23b800 Uncommon trap: trap_request=0xffffffc6 fr.pc=0x0000013287bfa744 relative=0x0000000000000084
Event: 8.787 Thread 0x00000132ef23b800 Uncommon trap: reason=bimorphic_or_optimized_type_check action=maybe_recompile pc=0x0000013287bfa744 method=gnu.trove.TIntObjectHashMap.index(I)I @ 28 c2
Event: 8.787 Thread 0x00000132ef23b800 DEOPT PACKING pc=0x0000013287bfa744 sp=0x00000016e66f9df0
Event: 8.787 Thread 0x00000132ef23b800 DEOPT UNPACKING pc=0x000001328004a1af sp=0x00000016e66f9d58 mode 2

Classes redefined (0 events):
No events

Internal exceptions (20 events):
Event: 2.361 Thread 0x00000132ef23b800 Exception <a 'java/lang/NoSuchMethodError'{0x000000074beaee70}: 'void java.lang.invoke.DirectMethodHandle$Holder.invokeVirtual(java.lang.Object, java.lang.Object)'> (0x000000074beaee70) thrown at [./src/hotspot/share/interpreter/linkResolver.cpp, line 773]
Event: 2.373 Thread 0x00000132ef23b800 Exception <a 'java/lang/NoSuchMethodError'{0x000000074bd26b20}: 'int java.lang.invoke.DirectMethodHandle$Holder.invokeVirtual(java.lang.Object, java.lang.Object)'> (0x000000074bd26b20) thrown at [./src/hotspot/share/interpreter/linkResolver.cpp, line 773]
Event: 3.018 Thread 0x00000132ef23b800 Implicit null exception at 0x0000013287b25e74 to 0x0000013287b260a4
Event: 3.020 Thread 0x00000132ef23b800 Implicit null exception at 0x0000013287b1d078 to 0x0000013287b1d10a
Event: 3.021 Thread 0x00000132ef23b800 Implicit null exception at 0x0000013287b226af to 0x0000013287b22729
Event: 3.423 Thread 0x00000132ef23b800 Exception <a 'java/lang/NoSuchMethodError'{0x000000074ca96a68}: 'java.lang.Object java.lang.invoke.DirectMethodHandle$Holder.invokeVirtual(java.lang.Object, java.lang.Object, java.lang.Object)'> (0x000000074ca96a68) thrown at [./src/hotspot/share/interpreter/linkResolver.cpp, line 773]
Event: 4.313 Thread 0x00000132ef23b800 Exception <a 'java/lang/NoSuchMethodError'{0x000000074b6d29d8}: 'java.lang.Object java.lang.invoke.Invokers$Holder.linkToTargetMethod(java.lang.Object, int, java.lang.Object)'> (0x000000074b6d29d8) thrown at [./src/hotspot/share/interpreter/linkResolver.cpp, line 773]
Event: 4.511 Thread 0x00000132ef23b800 Exception <a 'java/lang/NoSuchMethodError'{0x000000074b258f48}: 'java.lang.Object java.lang.invoke.DirectMethodHandle$Holder.invokeStatic(java.lang.Object, java.lang.Object, java.lang.Object, int)'> (0x000000074b258f48) thrown at [./src/hotspot/share/interpreter/linkResolver.cpp, line 773]
Event: 4.511 Thread 0x00000132ef23b800 Exception <a 'java/lang/NoSuchMethodError'{0x000000074b25cbb8}: 'java.lang.Object java.lang.invoke.DirectMethodHandle$Holder.invokeSpecial(java.lang.Object, java.lang.Object, java.lang.Object, java.lang.Object, int)'> (0x000000074b25cbb8) thrown at [./src/hotspot/share/interpreter/linkResolver.cpp, line 773]
Event: 4.511 Thread 0x00000132ef23b800 Exception <a 'java/lang/NoSuchMethodError'{0x000000074b25fec8}: 'java.lang.Object java.lang.invoke.Invokers$Holder.linkToTargetMethod(java.lang.Object, java.lang.Object, int, java.lang.Object)'> (0x000000074b25fec8) thrown at [./src/hotspot/share/interpreter/linkResolver.cpp, line 773]
Event: 6.477 Thread 0x00000132ef23b800 Exception <a 'java/lang/NoSuchMethodError'{0x0000000746976210}: 'java.lang.Object java.lang.invoke.DirectMethodHandle$Holder.invokeSpecial(java.lang.Object, java.lang.Object, java.lang.Object, java.lang.Object, java.lang.Object, java.lang.Object, java.lang.Object, java.lang.Object, java.lang.Object)'> (0x0000000746976210) thrown at [./src/hotspot/share/interpreter/linkResolver.cpp, line 773]
Event: 6.478 Thread 0x00000132ef23b800 Exception <a 'java/lang/NoSuchMethodError'{0x000000074697a408}: 'java.lang.Object java.lang.invoke.Invokers$Holder.linkToTargetMethod(java.lang.Object, java.lang.Object, java.lang.Object, java.lang.Object, java.lang.Object, java.lang.Object, java.lang.Object, java.lang.Object)'> (0x000000074697a408) thrown at [./src/hotspot/share/interpreter/linkResolver.cpp, line 773]
Event: 6.757 Thread 0x00000132ef23b800 Exception <a 'java/lang/NoSuchMethodError'{0x000000074f996f48}: 'java.lang.Object java.lang.invoke.DirectMethodHandle$Holder.invokeSpecial(java.lang.Object, java.lang.Object, java.lang.Object, java.lang.Object, java.lang.Object, int)'> (0x000000074f996f48) thrown at [./src/hotspot/share/interpreter/linkResolver.cpp, line 773]
Event: 6.758 Thread 0x00000132ef23b800 Exception <a 'java/lang/NoSuchMethodError'{0x000000074f99a840}: 'java.lang.Object java.lang.invoke.Invokers$Holder.linkToTargetMethod(java.lang.Object, java.lang.Object, java.lang.Object, int, java.lang.Object)'> (0x000000074f99a840) thrown at [./src/hotspot/share/interpreter/linkResolver.cpp, line 773]
Event: 6.831 Thread 0x00000132ef23b800 Exception <a 'java/lang/NoSuchMethodError'{0x000000074f8f91c0}: 'java.lang.Object java.lang.invoke.Invokers$Holder.linkToTargetMethod(java.lang.Object, java.lang.Object, java.lang.Object, java.lang.Object, java.lang.Object, java.lang.Object)'> (0x000000074f8f91c0) thrown at [./src/hotspot/share/interpreter/linkResolver.cpp, line 773]
Event: 7.114 Thread 0x00000132ef23b800 Exception <a 'java/lang/NoSuchMethodError'{0x000000074e93a318}: 'java.lang.Object java.lang.invoke.DirectMethodHandle$Holder.invokeStaticInit(java.lang.Object, java.lang.Object, java.lang.Object)'> (0x000000074e93a318) thrown at [./src/hotspot/share/interpreter/linkResolver.cpp, line 773]
Event: 8.442 Thread 0x00000132ef23b800 Exception <a 'java/lang/NoSuchMethodError'{0x000000074c45efc8}: 'int java.lang.invoke.DirectMethodHandle$Holder.invokeInterface(java.lang.Object, java.lang.Object)'> (0x000000074c45efc8) thrown at [./src/hotspot/share/interpreter/linkResolver.cpp, line 773]
Event: 8.544 Thread 0x00000132ef23b800 Exception <a 'java/lang/NoSuchMethodError'{0x000000074c0971a8}: 'java.lang.Object java.lang.invoke.DirectMethodHandle$Holder.invokeInterface(java.lang.Object, java.lang.Object, java.lang.Object)'> (0x000000074c0971a8) thrown at [./src/hotspot/share/interpreter/linkResolver.cpp, line 773]
Event: 8.590 Thread 0x00000132ef23b800 Exception <a 'java/lang/NoSuchMethodError'{0x000000074bfe7430}: 'java.lang.Object java.lang.invoke.Invokers$Holder.linkToTargetMethod(java.lang.Object, java.lang.Object, java.lang.Object, int, int, java.lang.Object)'> (0x000000074bfe7430) thrown at [./src/hotspot/share/interpreter/linkResolver.cpp, line 773]
Event: 8.719 Thread 0x00000132ef23b800 Exception <a 'java/lang/NoSuchMethodError'{0x000000074bcc10b0}: 'int java.lang.invoke.DirectMethodHandle$Holder.invokeVirtual(java.lang.Object, java.lang.Object, java.lang.Object)'> (0x000000074bcc10b0) thrown at [./src/hotspot/share/interpreter/linkResolver.cpp, line 773]

Events (20 events):
Event: 8.784 loading class org/jetbrains/kotlin/com/intellij/psi/search/GlobalSearchScope
Event: 8.784 loading class org/jetbrains/kotlin/com/intellij/psi/search/GlobalSearchScope done
Event: 8.784 loading class org/jetbrains/kotlin/com/intellij/psi/impl/PsiClassImplUtil$MemberType
Event: 8.784 loading class org/jetbrains/kotlin/com/intellij/psi/impl/PsiClassImplUtil$MemberType done
Event: 8.784 loading class org/jetbrains/kotlin/com/intellij/psi/impl/PsiClassImplUtil$MemberType
Event: 8.784 loading class org/jetbrains/kotlin/com/intellij/psi/impl/PsiClassImplUtil$MemberType done
Event: 8.784 loading class org/jetbrains/kotlin/com/intellij/psi/search/GlobalSearchScope
Event: 8.784 loading class org/jetbrains/kotlin/com/intellij/psi/search/GlobalSearchScope done
Event: 8.785 loading class org/jetbrains/kotlin/com/intellij/psi/impl/PsiClassImplUtil$1
Event: 8.785 loading class org/jetbrains/kotlin/com/intellij/psi/impl/PsiClassImplUtil$1 done
Event: 8.785 loading class org/jetbrains/kotlin/com/intellij/psi/impl/ScopedClassHierarchy
Event: 8.785 loading class org/jetbrains/kotlin/com/intellij/psi/impl/ScopedClassHierarchy done
Event: 8.786 loading class org/jetbrains/kotlin/com/intellij/psi/impl/ScopedClassHierarchy$1
Event: 8.786 loading class org/jetbrains/kotlin/com/intellij/psi/impl/ScopedClassHierarchy$1 done
Event: 8.787 loading class org/jetbrains/kotlin/com/intellij/psi/util/CachedValueProvider$Result
Event: 8.787 loading class org/jetbrains/kotlin/com/intellij/psi/util/CachedValueProvider$Result done
Event: 8.787 loading class org/jetbrains/kotlin/com/intellij/psi/PsiClass
Event: 8.787 loading class org/jetbrains/kotlin/com/intellij/psi/PsiClass done
Event: 8.787 loading class org/jetbrains/kotlin/com/intellij/psi/PsiClass
Event: 8.787 loading class org/jetbrains/kotlin/com/intellij/psi/PsiClass done


Dynamic libraries:
0x00007ff6b5e70000 - 0x00007ff6b5e7a000 	C:\Program Files\Android\Android Studio4\jre\bin\java.exe
0x00007ffd06ad0000 - 0x00007ffd06cc7000 	C:\WINDOWS\SYSTEM32\ntdll.dll
0x00007ffd066b0000 - 0x00007ffd0676d000 	C:\WINDOWS\System32\KERNEL32.DLL
0x00007ffd04370000 - 0x00007ffd0463d000 	C:\WINDOWS\System32\KERNELBASE.dll
0x00007ffd041f0000 - 0x00007ffd042f0000 	C:\WINDOWS\System32\ucrtbase.dll
0x00007ffcfcaf0000 - 0x00007ffcfcb09000 	C:\Program Files\Android\Android Studio4\jre\bin\jli.dll
0x00007ffcfaf10000 - 0x00007ffcfaf27000 	C:\Program Files\Android\Android Studio4\jre\bin\VCRUNTIME140.dll
0x00007ffd053c0000 - 0x00007ffd05560000 	C:\WINDOWS\System32\USER32.dll
0x00007ffceca10000 - 0x00007ffceccaa000 	C:\WINDOWS\WinSxS\amd64_microsoft.windows.common-controls_6595b64144ccf1df_6.0.19041.1110_none_60b5254171f9507e\COMCTL32.dll
0x00007ffd042f0000 - 0x00007ffd04312000 	C:\WINDOWS\System32\win32u.dll
0x00007ffd05d10000 - 0x00007ffd05d3a000 	C:\WINDOWS\System32\GDI32.dll
0x00007ffd05f00000 - 0x00007ffd05f9e000 	C:\WINDOWS\System32\msvcrt.dll
0x00007ffd04a20000 - 0x00007ffd04b2b000 	C:\WINDOWS\System32\gdi32full.dll
0x00007ffd048c0000 - 0x00007ffd0495d000 	C:\WINDOWS\System32\msvcp_win.dll
0x00007ffd06820000 - 0x00007ffd06850000 	C:\WINDOWS\System32\IMM32.DLL
0x00007ffcd3470000 - 0x00007ffcd350d000 	C:\Program Files\Android\Android Studio4\jre\bin\msvcp140.dll
0x00007ffc9b2a0000 - 0x00007ffc9bd85000 	C:\Program Files\Android\Android Studio4\jre\bin\server\jvm.dll
0x00007ffd069e0000 - 0x00007ffd06a8e000 	C:\WINDOWS\System32\ADVAPI32.dll
0x00007ffd060e0000 - 0x00007ffd0617c000 	C:\WINDOWS\System32\sechost.dll
0x00007ffd05fb0000 - 0x00007ffd060d5000 	C:\WINDOWS\System32\RPCRT4.dll
0x00007ffd05ef0000 - 0x00007ffd05ef8000 	C:\WINDOWS\System32\PSAPI.DLL
0x00007ffcf23e0000 - 0x00007ffcf23e9000 	C:\WINDOWS\SYSTEM32\WSOCK32.dll
0x00007ffd05b60000 - 0x00007ffd05bcb000 	C:\WINDOWS\System32\WS2_32.dll
0x00007ffcf11e0000 - 0x00007ffcf1207000 	C:\WINDOWS\SYSTEM32\WINMM.dll
0x00007ffd021d0000 - 0x00007ffd021da000 	C:\WINDOWS\SYSTEM32\VERSION.dll
0x00007ffd02a80000 - 0x00007ffd02a92000 	C:\WINDOWS\SYSTEM32\kernel.appcore.dll
0x00007ffd02220000 - 0x00007ffd02231000 	C:\Program Files\Android\Android Studio4\jre\bin\verify.dll
0x00007ffd01620000 - 0x00007ffd01804000 	C:\WINDOWS\SYSTEM32\DBGHELP.DLL
0x00007ffcebbd0000 - 0x00007ffcebbfc000 	C:\WINDOWS\SYSTEM32\dbgcore.DLL
0x00007ffd04960000 - 0x00007ffd049e2000 	C:\WINDOWS\System32\bcryptPrimitives.dll
0x00007ffcfcc50000 - 0x00007ffcfcc79000 	C:\Program Files\Android\Android Studio4\jre\bin\java.dll
0x00007ffd022c0000 - 0x00007ffd022cb000 	C:\Program Files\Android\Android Studio4\jre\bin\jimage.dll
0x00007ffcfcc30000 - 0x00007ffcfcc48000 	C:\Program Files\Android\Android Studio4\jre\bin\zip.dll
0x00007ffd04c50000 - 0x00007ffd05394000 	C:\WINDOWS\System32\SHELL32.dll
0x00007ffd022d0000 - 0x00007ffd02a64000 	C:\WINDOWS\SYSTEM32\windows.storage.dll
0x00007ffd05770000 - 0x00007ffd05ac4000 	C:\WINDOWS\System32\combase.dll
0x00007ffd03c50000 - 0x00007ffd03c7c000 	C:\WINDOWS\SYSTEM32\Wldp.dll
0x00007ffd05630000 - 0x00007ffd056dd000 	C:\WINDOWS\System32\SHCORE.dll
0x00007ffd06850000 - 0x00007ffd068a5000 	C:\WINDOWS\System32\shlwapi.dll
0x00007ffd04130000 - 0x00007ffd0414f000 	C:\WINDOWS\SYSTEM32\profapi.dll
0x00007ffcfafa0000 - 0x00007ffcfafba000 	C:\Program Files\Android\Android Studio4\jre\bin\net.dll
0x00007ffcf4be0000 - 0x00007ffcf4cea000 	C:\WINDOWS\SYSTEM32\WINHTTP.dll
0x00007ffd039b0000 - 0x00007ffd03a1a000 	C:\WINDOWS\system32\mswsock.dll
0x00007ffcfaf80000 - 0x00007ffcfaf94000 	C:\Program Files\Android\Android Studio4\jre\bin\nio.dll

dbghelp: loaded successfully - version: 4.0.5 - missing functions: none
symbol engine: initialized successfully - sym options: 0x614 - pdb path: .;C:\Program Files\Android\Android Studio4\jre\bin;C:\WINDOWS\SYSTEM32;C:\WINDOWS\WinSxS\amd64_microsoft.windows.common-controls_6595b64144ccf1df_6.0.19041.1110_none_60b5254171f9507e;C:\Program Files\Android\Android Studio4\jre\bin\server

VM Arguments:
java_command: org.jetbrains.kotlin.cli.jvm.K2JVMCompiler @C:\Users\leoba\AndroidStudioProjects\TextRecognizer\Paging3test\app\build\20220624_12965442734467091435.compiler.options
java_class_path (initial): C:\Users\leoba\.gradle\caches\modules-2\files-2.1\org.jetbrains.kotlin\kotlin-compiler-embeddable\1.5.21\40ddbcae9ff100473f95370c2d589ba3fc48eed5\kotlin-compiler-embeddable-1.5.21.jar;C:\Users\leoba\.gradle\caches\modules-2\files-2.1\org.jetbrains.kotlin\kotlin-reflect\1.5.21\802f1f39735ae1eb2b75714a40fa19bb2e687e96\kotlin-reflect-1.5.21.jar;C:\Users\leoba\.gradle\caches\modules-2\files-2.1\org.jetbrains.kotlin\kotlin-stdlib\1.5.21\2f537cad7e9eeb9da73738c8812e1e4cf9b62e4e\kotlin-stdlib-1.5.21.jar;C:\Users\leoba\.gradle\caches\modules-2\files-2.1\org.jetbrains.kotlin\kotlin-script-runtime\1.5.21\96d49e89873fde985750af354b6eabb60cfa999b\kotlin-script-runtime-1.5.21.jar;C:\Users\leoba\.gradle\caches\modules-2\files-2.1\org.jetbrains.kotlin\kotlin-daemon-embeddable\1.5.21\17255809e66a940dfdf6289bccbdfb5a09f3145\kotlin-daemon-embeddable-1.5.21.jar;C:\Users\leoba\.gradle\caches\modules-2\files-2.1\org.jetbrains.intellij.deps\trove4j\1.0.20181211\216c2e14b070f334479d800987affe4054cd563f\trove4j-1.0.20181211.jar;C:\Users\leoba\.gradle\caches\modules-2\files-2.1\org.jetbrains\annotations\13.0\919f0dfe192fb4e063e7dacadee7f8bb9a2672a9\annotations-13.0.jar;C:\Users\leoba\.gradle\caches\modules-2\files-2.1\org.jetbrains.kotlin\kotlin-stdlib-common\1.5.21\cc8bf3586fd2ebcf234058b9440bb406e62dfacb\kotlin-stdlib-common-1.5.21.jar
Launcher Type: SUN_STANDARD

[Global flags]
     intx CICompilerCount                          = 3                                         {product} {ergonomic}
     uint ConcGCThreads                            = 1                                         {product} {ergonomic}
     uint G1ConcRefinementThreads                  = 4                                         {product} {ergonomic}
   size_t G1HeapRegionSize                         = 1048576                                   {product} {ergonomic}
    uintx GCDrainStackTargetSize                   = 64                                        {product} {ergonomic}
   size_t InitialHeapSize                          = 201326592                                 {product} {ergonomic}
   size_t MarkStackSize                            = 4194304                                   {product} {ergonomic}
   size_t MaxHeapSize                              = 3198156800                                {product} {ergonomic}
   size_t MaxNewSize                               = 1918894080                                {product} {ergonomic}
   size_t MinHeapDeltaBytes                        = 1048576                                   {product} {ergonomic}
    uintx NonNMethodCodeHeapSize                   = 5830732                                {pd product} {ergonomic}
    uintx NonProfiledCodeHeapSize                  = 122913754                              {pd product} {ergonomic}
    uintx ProfiledCodeHeapSize                     = 122913754                              {pd product} {ergonomic}
    uintx ReservedCodeCacheSize                    = 251658240                              {pd product} {ergonomic}
     bool SegmentedCodeCache                       = true                                      {product} {ergonomic}
     bool UseCompressedClassPointers               = true                                 {lp64_product} {ergonomic}
     bool UseCompressedOops                        = true                                 {lp64_product} {ergonomic}
     bool UseG1GC                                  = true                                      {product} {ergonomic}
     bool UseLargePagesIndividualAllocation        = false                                  {pd product} {ergonomic}

Logging:
Log output configuration:
 #0: stdout all=warning uptime,level,tags
 #1: stderr all=off uptime,level,tags

Environment Variables:
PATH=C:\Program Files (x86)\Intel\Intel(R) Management Engine Components\iCLS\;C:\Program Files\Intel\Intel(R) Management Engine Components\iCLS\;C:\WINDOWS\system32;C:\WINDOWS;C:\WINDOWS\System32\Wbem;C:\WINDOWS\System32\WindowsPowerShell\v1.0\;C:\Program Files (x86)\Intel\Intel(R) Management Engine Components\DAL;C:\Program Files\Intel\Intel(R) Management Engine Components\DAL;C:\Program Files (x86)\Intel\Intel(R) Management Engine Components\IPT;C:\Program Files\Intel\Intel(R) Management Engine Components\IPT;c:\Program Files (x86)\Microsoft SQL Server\100\Tools\Binn\;c:\Program Files\Microsoft SQL Server\100\Tools\Binn\;c:\Program Files\Microsoft SQL Server\100\DTS\Binn\;c:\Program Files (x86)\Microsoft SQL Server\100\Tools\Binn\VSShell\Common7\IDE\;c:\Program Files (x86)\Microsoft SQL Server\100\DTS\Binn\;C:\WINDOWS\system32\config\systemprofile\.dnx\bin;C:\Program Files\Microsoft DNX\Dnvm\;C:\Program Files\Microsoft SQL Server\130\Tools\Binn\;C:\WINDOWS\System32\OpenSSH\;C:\Program Files\Git\cmd;C:\Users\leoba\AppData\Local\Microsoft\WindowsApps;C:\Users\leoba\AppData\Local\GitHubDesktop\bin;%USERPROFILE%\AppData\Local\Microsoft\WindowsApps;
USERNAME=leoba
OS=Windows_NT
PROCESSOR_IDENTIFIER=Intel64 Family 6 Model 142 Stepping 10, GenuineIntel



---------------  S Y S T E M  ---------------

OS: Windows 10 , 64 bit Build 19041 (10.0.19041.1741)
OS uptime: 4 days 2:52 hours

CPU:total 4 (initial active 4) (2 cores per cpu, 2 threads per core) family 6 model 142 stepping 10 microcode 0xb4, cmov, cx8, fxsr, mmx, sse, sse2, sse3, ssse3, sse4.1, sse4.2, popcnt, avx, avx2, aes, clmul, erms, 3dnowpref, lzcnt, ht, tsc, tscinvbit, bmi1, bmi2, adx, fma

Memory: 4k page, system-wide physical 12197M (919M free)
TotalPageFile size 12197M (AvailPageFile size 5M)
current process WorkingSet (physical memory assigned to process): 371M, peak: 371M
current process commit charge ("private bytes"): 446M, peak: 446M

vm_info: OpenJDK 64-Bit Server VM (11.0.12+7-b1504.28-7817840) for windows-amd64 JRE (11.0.12+7-b1504.28-7817840), built on Oct 13 2021 22:12:33 by "builder" with MS VC++ 14.0 (VS2015)

END.
